           1           1           2 right     
           2           2           2 right     
           3           3           2 right     
           4           4           2 right     
           5           5           2 right     
           6           6           2 right     
           7           7           2 right     
           8           8           2 right     
           9           9           2 right     
          10          10           2 right     
          11          11           2 right     
          12          12           2 right     
          13          13           2 right     
          14          14           2 right     
          15          15           2 right     
          16          16           2 right     
          17          17           2 right     
          18          18           2 top       
          19          19           2 top       
          20          20           2 top       
          21          21           2 top       
          22          22           2 top       
          23          23           2 top       
          24          24           2 top       
          25          25           2 top       
          26          26           2 top       
          27          27           2 top       
          28          28           2 top       
          29          29           2 top       
          30          30           2 top       
          31          31           2 top       
          32          32           2 top       
          33          33           2 top       
          34          34           2 top       
          35          35           2 left      
          36          36           2 left      
          37          37           2 left      
          38          38           2 left      
          39          39           2 left      
          40          40           2 left      
          41          41           2 left      
          42          42           2 left      
          43          43           2 left      
          44          44           2 left      
          45          45           2 left      
          46          46           2 left      
          47          47           2 left      
          48          48           2 left      
          49          49           2 left      
          50          50           2 left      
          51          51           2 left      
          52          52           2 bottom    
          53          53           2 bottom    
          54          54           2 bottom    
          55          55           2 bottom    
          56          56           2 bottom    
          57          57           2 bottom    
          58          58           2 bottom    
          59          59           2 bottom    
          60          60           2 bottom    
          61          61           2 bottom    
          62          62           2 bottom    
          63          63           2 bottom    
          64          64           2 bottom    
          65          65           2 bottom    
          66          66           2 bottom    
          67          67           2 bottom    
          68          68           2 bottom    
