           1                    17                    18                    69
           1                     1                     2                     3
           2                    34                    35                    70
           2                     4                     5                     6
           3                    51                    52                    71
           3                     7                     8                     9
           4                     1                    68                    72
           4                    10                    11                    12
           5                    16                    73                    74
           5                    13                     1                    14
           6                    69                    73                    75
           6                     1                     3                    14
           7                    33                    76                    77
           7                    15                     4                    16
           8                    70                    76                    78
           8                     4                     6                    16
           9                    50                    79                    80
           9                    17                     7                    18
          10                    71                    79                    81
          10                     7                     9                    18
          11                     2                    82                    83
          11                    11                    19                    20
          12                    72                    83                    84
          12                    12                    11                    20
          13                    19                    85                    86
          13                     3                    21                    22
          14                    75                    86                    87
          14                    14                     3                    22
          15                    14                    88                    89
          15                    23                    24                    25
          16                    15                    90                    91
          16                    24                    13                    26
          17                    74                    90                    92
          17                    13                    14                    26
          18                    93                    94                    95
          18                    27                    25                    26
          19                    88                    91                    94
          19                    25                    24                    26
          20                    21                    96                    97
          20                    28                    29                    30
          21                    36                    98                    99
          21                     6                    31                    32
          22                    78                    99                   100
          22                    16                     6                    32
          23                    31                   101                   102
          23                    33                    34                    35
          24                    38                   103                   104
          24                    36                    37                    38
          25                    32                   105                   106
          25                    34                    15                    39
          26                    77                   105                   107
          26                    15                    16                    39
          27                   101                   106                   108
          27                    35                    34                    39
          28                    53                   109                   110
          28                     9                    40                    41
          29                    81                   110                   111
          29                    18                     9                    41
          30                    48                   112                   113
          30                    42                    43                    44
          31                    49                   114                   115
          31                    43                    17                    45
          32                    80                   114                   116
          32                    17                    18                    45
          33                   117                   118                   119
          33                    46                    44                    45
          34                   112                   115                   118
          34                    44                    43                    45
          35                    55                   120                   121
          35                    47                    48                    49
          36                    87                   122                   123
          36                    14                    22                    50
          37                    95                   124                   125
          37                    27                    26                    50
          38                    92                   123                   124
          38                    26                    14                    50
          39                   125                   126                   127
          39                    30                    27                    50
          40                    93                   128                   129
          40                    25                    27                    51
          41                   126                   130                   131
          41                    27                    30                    52
          42                   132                   133                   134
          42                    53                    51                    52
          43                   128                   131                   133
          43                    51                    27                    52
          44                    20                   135                   136
          44                    21                    28                    54
          45                    97                   135                   137
          45                    28                    30                    54
          46                    85                   136                   138
          46                    22                    21                    54
          47                   127                   137                   139
          47                    30                    50                    54
          48                   122                   138                   139
          48                    50                    22                    54
          49                    10                   140                   141
          49                    55                    56                    57
          50                    12                   142                   143
          50                    58                    59                    60
          51                    25                   144                   145
          51                    61                    62                    63
          52                    23                   146                   147
          52                    64                    65                    66
          53                   100                   148                   149
          53                    16                    32                    67
          54                   150                   151                   152
          54                    68                    39                    67
          55                   107                   149                   151
          55                    39                    16                    67
          56                    30                   153                   154
          56                    69                    33                    70
          57                   102                   153                   155
          57                    33                    35                    70
          58                    29                   156                   157
          58                    71                    69                    72
          59                   154                   156                   158
          59                    69                    70                    72
          60                    39                   159                   160
          60                    37                    73                    74
          61                   103                   160                   161
          61                    38                    37                    74
          62                   108                   162                   163
          62                    35                    39                    75
          63                   150                   162                   164
          63                    39                    68                    75
          64                   111                   165                   166
          64                    18                    41                    76
          65                   119                   167                   168
          65                    46                    45                    76
          66                   116                   166                   167
          66                    45                    18                    76
          67                   168                   169                   170
          67                    49                    46                    76
          68                   117                   171                   172
          68                    44                    46                    77
          69                   169                   173                   174
          69                    46                    49                    78
          70                   175                   176                   177
          70                    79                    77                    78
          71                   171                   174                   176
          71                    77                    46                    78
          72                    54                   178                   179
          72                    40                    47                    80
          73                   121                   178                   180
          73                    47                    49                    80
          74                   109                   179                   181
          74                    41                    40                    80
          75                   170                   180                   182
          75                    49                    76                    80
          76                   165                   181                   182
          76                    76                    41                    80
          77                    44                   183                   184
          77                    81                    82                    83
          78                    46                   185                   186
          78                    84                    85                    86
          79                    57                   187                   188
          79                    87                    88                    89
          80                     7                   189                   190
          80                    90                    91                    92
          81                    62                   191                   192
          81                    93                    94                    95
          82                    64                   193                   194
          82                    96                    97                    98
          83                     4                   195                   196
          83                    99                   100                   101
          84                   197                   198                   199
          84                   102                   103                   104
          85                     5                   200                   201
          85                   100                   105                   106
          86                   197                   202                   203
          86                   103                   102                   106
          87                   202                   204                   205
          87                   102                   101                   106
          88                   195                   201                   205
          88                   101                   100                   106
          89                    66                   206                   207
          89                   107                   108                   109
          90                   132                   208                   209
          90                    51                    53                   110
          91                   134                   210                   211
          91                    53                    52                   111
          92                   212                   213                   214
          92                    60                   112                   113
          93                   143                   214                   215
          93                    58                    60                   113
          94                    11                   215                   216
          94                    56                    58                   113
          95                   140                   216                   217
          95                    57                    56                   113
          96                   142                   218                   219
          96                    60                    59                   114
          97                    13                   218                   220
          97                    59                    23                   114
          98                    89                   220                   221
          98                    23                    25                   114
          99                   129                   221                   222
          99                    25                    51                   114
         100                   146                   223                   224
         100                    66                    65                   115
         101                    24                   223                   225
         101                    65                    61                   115
         102                   145                   225                   226
         102                    61                    63                   115
         103                   224                   227                   228
         103                   116                    66                   115
         104                   130                   229                   230
         104                    52                    30                   117
         105                   210                   230                   231
         105                   111                    52                   117
         106                   227                   232                   233
         106                    66                   116                   117
         107                   231                   232                   234
         107                   116                   111                   117
         108                   152                   235                   236
         108                    68                    67                   118
         109                   175                   237                   238
         109                    77                    79                   119
         110                   177                   239                   240
         110                    79                    78                   120
         111                   241                   242                   243
         111                   121                    83                   122
         112                   243                   244                   245
         112                    86                   121                   122
         113                   186                   245                   246
         113                    84                    86                   122
         114                    45                   246                   247
         114                    82                    84                   122
         115                   183                   242                   247
         115                    83                    82                   122
         116                   185                   248                   249
         116                    86                    85                   123
         117                    47                   248                   250
         117                    85                    42                   123
         118                   113                   250                   251
         118                    42                    44                   123
         119                   172                   251                   252
         119                    44                    77                   123
         120                   187                   253                   254
         120                    89                    88                   124
         121                    58                   253                   255
         121                    88                   125                   124
         122                   255                   256                   257
         122                   125                   126                   124
         123                   254                   258                   259
         123                   127                    89                   124
         124                   173                   260                   261
         124                    78                    49                   128
         125                   239                   261                   262
         125                   120                    78                   128
         126                   258                   263                   264
         126                    89                   127                   128
         127                   262                   263                   265
         127                   127                   120                   128
         128                   266                   267                   268
         128                    92                   103                   129
         129                   203                   267                   269
         129                   103                   106                   129
         130                   200                   269                   270
         130                   106                   105                   129
         131                     6                   270                   271
         131                   105                    90                   129
         132                   190                   268                   271
         132                    90                    92                   129
         133                    60                   272                   273
         133                   130                   131                   132
         134                   193                   274                   275
         134                    98                    97                   133
         135                   276                   277                   278
         135                   109                   134                   133
         136                    65                   274                   279
         136                    97                   107                   133
         137                   207                   278                   279
         137                   107                   109                   133
         138                   280                   281                   282
         138                   135                    95                   136
         139                   282                   283                   284
         139                    98                   135                   136
         140                   194                   284                   285
         140                    96                    98                   136
         141                    63                   285                   286
         141                    94                    96                   136
         142                   191                   281                   286
         142                    95                    94                   136
         143                    82                   287                   288
         143                    20                    19                   137
         144                     3                   287                   289
         144                    19                    99                   137
         145                   196                   289                   290
         145                    99                   101                   137
         146                   291                   292                   293
         146                   138                   139                   140
         147                   294                   295                   296
         147                   134                   141                   140
         148                   283                   297                   298
         148                   135                    98                   142
         149                   298                   299                   300
         149                   139                   135                   142
         150                   275                   297                   301
         150                    98                   133                   142
         151                   277                   301                   302
         151                   133                   134                   142
         152                   296                   302                   303
         152                   134                   140                   142
         153                   292                   300                   303
         153                   140                   139                   142
         154                   206                   304                   305
         154                   109                   108                   143
         155                    67                   304                   306
         155                   108                    12                   143
         156                    84                   306                   307
         156                    12                    20                   143
         157                   199                   308                   309
         157                   102                   104                   144
         158                   293                   310                   311
         158                   138                   140                   144
         159                   295                   310                   312
         159                   140                   141                   144
         160                   204                   313                   314
         160                   101                   102                   145
         161                   309                   313                   315
         161                   102                   144                   145
         162                   312                   315                   316
         162                   144                   141                   145
         163                   290                   314                   317
         163                   137                   101                   145
         164                   212                   318                   319
         164                   112                    60                   146
         165                   319                   320                   321
         165                   110                   112                   146
         166                   219                   318                   322
         166                    60                   114                   146
         167                   209                   321                   323
         167                    51                   110                   146
         168                   222                   322                   323
         168                   114                    51                   146
         169                    96                   324                   325
         169                    30                    29                   147
         170                   229                   325                   326
         170                   117                    30                   147
         171                    22                   324                   327
         171                    29                    64                   147
         172                   147                   327                   328
         172                    64                    66                   147
         173                   233                   326                   328
         173                    66                   117                   147
         174                   104                   329                   330
         174                    36                    38                   148
         175                   329                   331                   332
         175                    38                   118                   148
         176                    37                   330                   333
         176                    31                    36                   148
         177                    98                   333                   334
         177                    32                    31                   148
         178                   148                   334                   335
         178                    67                    32                   148
         179                   235                   332                   335
         179                   118                    67                   148
         180                   244                   336                   337
         180                   121                    86                   149
         181                   337                   338                   339
         181                   119                   121                   149
         182                   249                   336                   340
         182                    86                   123                   149
         183                   238                   339                   341
         183                    77                   119                   149
         184                   252                   340                   341
         184                   123                    77                   149
         185                   120                   342                   343
         185                    49                    48                   150
         186                   260                   343                   344
         186                   128                    49                   150
         187                    56                   342                   345
         187                    48                    87                   150
         188                   188                   345                   346
         188                    87                    89                   150
         189                   264                   344                   346
         189                    89                   128                   150
         190                   141                   347                   348
         190                    55                    57                   151
         191                     9                   348                   349
         191                   152                    55                   151
         192                   349                   350                   351
         192                   153                   152                   151
         193                   189                   352                   353
         193                    92                    91                   154
         194                     8                   352                   354
         194                    91                   152                   154
         195                   350                   354                   355
         195                   152                   153                   154
         196                   273                   356                   357
         196                   130                   132                   155
         197                    59                   357                   358
         197                   125                   130                   155
         198                   256                   358                   359
         198                   126                   125                   155
         199                   192                   360                   361
         199                    93                    95                   156
         200                    61                   361                   362
         200                   131                    93                   156
         201                   272                   362                   363
         201                   132                   131                   156
         202                   228                   364                   365
         202                   116                   115                   157
         203                   226                   364                   366
         203                   115                    63                   157
         204                   234                   367                   368
         204                   111                   116                   158
         205                   365                   367                   369
         205                   116                   157                   158
         206                   369                   370                   371
         206                   157                   159                   158
         207                   259                   372                   373
         207                   127                   124                   160
         208                   257                   372                   374
         208                   124                   126                   160
         209                   359                   374                   375
         209                   126                   155                   160
         210                   265                   376                   377
         210                   120                   127                   161
         211                   373                   376                   378
         211                   127                   160                   161
         212                   378                   379                   380
         212                   160                   162                   161
         213                   164                   381                   382
         213                    75                    68                   163
         214                   236                   381                   383
         214                    68                   118                   163
         215                   155                   384                   385
         215                    70                    35                   164
         216                   158                   385                   386
         216                    72                    70                   164
         217                   161                   387                   388
         217                    38                    74                   165
         218                   198                   389                   390
         218                   104                   103                   166
         219                   266                   391                   392
         219                   103                    92                   167
         220                   393                   394                   395
         220                   168                   166                   167
         221                   389                   392                   394
         221                   166                   103                   167
         222                   291                   396                   397
         222                   139                   138                   169
         223                   288                   398                   399
         223                    20                   137                   170
         224                   307                   399                   400
         224                   143                    20                   170
         225                   211                   401                   402
         225                    53                   111                   171
         226                   371                   403                   404
         226                   158                   159                   172
         227                   237                   405                   406
         227                   119                    79                   173
         228                   240                   407                   408
         228                    79                   120                   174
         229                   377                   407                   409
         229                   120                   161                   174
         230                   410                   411                   412
         230                   175                   173                   174
         231                   405                   408                   411
         231                   173                    79                   174
         232                    27                   413                   414
         232                   176                   177                   178
         233                   370                   415                   416
         233                   159                   157                   179
         234                   144                   417                   418
         234                    63                    62                   180
         235                   419                   420                   421
         235                   181                   179                   180
         236                   366                   418                   422
         236                   157                    63                   180
         237                   415                   420                   422
         237                   179                   157                   180
         238                   379                   423                   424
         238                   162                   160                   182
         239                   375                   423                   425
         239                   160                   155                   182
         240                   380                   426                   427
         240                   161                   162                   183
         241                   428                   429                   430
         241                   184                   185                   186
         242                   431                   432                   433
         242                   187                   188                   189
         243                   434                   435                   436
         243                   190                   191                   192
         244                   320                   437                   438
         244                   112                   110                   193
         245                   383                   439                   440
         245                   163                   118                   194
         246                   441                   442                   443
         246                   165                   195                   194
         247                   331                   439                   444
         247                   118                    38                   194
         248                   388                   443                   444
         248                    38                   165                   194
         249                   445                   446                   447
         249                   163                   196                   197
         250                   382                   447                   448
         250                    75                   163                   197
         251                   163                   448                   449
         251                    35                    75                   197
         252                   384                   449                   450
         252                   164                    35                   197
         253                    40                   451                   452
         253                    73                   198                   199
         254                   159                   452                   453
         254                    74                    73                   199
         255                   387                   453                   454
         255                   165                    74                   199
         256                   455                   456                   457
         256                   195                   200                   201
         257                   442                   457                   458
         257                   194                   195                   201
         258                   445                   459                   460
         258                   196                   163                   201
         259                   440                   458                   459
         259                   163                   194                   201
         260                   241                   461                   462
         260                    83                   121                   202
         261                   338                   463                   464
         261                   121                   119                   203
         262                   465                   466                   467
         262                   204                   202                   203
         263                   461                   464                   466
         263                   202                   121                   203
         264                    42                   468                   469
         264                   205                   206                   207
         265                   465                   470                   471
         265                   202                   204                   208
         266                    41                   472                   473
         266                   198                   205                   209
         267                   469                   472                   474
         267                   205                   207                   209
         268                   474                   475                   476
         268                   207                   210                   209
         269                   393                   477                   478
         269                   166                   168                   211
         270                   479                   480                   481
         270                   184                   212                   211
         271                   390                   482                   483
         271                   104                   166                   213
         272                   311                   484                   485
         272                   138                   144                   213
         273                   308                   483                   484
         273                   144                   104                   213
         274                   478                   482                   486
         274                   166                   211                   213
         275                   480                   486                   487
         275                   211                   212                   213
         276                   487                   488                   489
         276                   212                   169                   213
         277                   396                   485                   489
         277                   169                   138                   213
         278                   353                   490                   491
         278                    92                   154                   214
         279                   391                   491                   492
         279                   167                    92                   214
         280                   428                   493                   494
         280                   185                   184                   215
         281                   481                   493                   495
         281                   184                   211                   215
         282                   477                   495                   496
         282                   211                   168                   215
         283                   316                   497                   498
         283                   145                   141                   216
         284                   294                   497                   499
         284                   141                   134                   216
         285                   317                   498                   500
         285                   137                   145                   216
         286                   398                   500                   501
         286                   170                   137                   216
         287                   276                   499                   502
         287                   134                   109                   216
         288                   305                   502                   503
         288                   109                   143                   216
         289                   400                   501                   503
         289                   143                   170                   216
         290                   368                   504                   505
         290                   111                   158                   217
         291                   401                   505                   506
         291                   171                   111                   217
         292                   506                   507                   508
         292                   218                   171                   217
         293                   404                   504                   509
         293                   158                   172                   217
         294                   508                   509                   510
         294                   172                   218                   217
         295                   208                   511                   512
         295                   110                    53                   219
         296                   402                   511                   513
         296                    53                   171                   219
         297                   507                   514                   515
         297                   171                   218                   220
         298                   513                   515                   516
         298                   219                   171                   220
         299                   517                   518                   519
         299                   221                   193                   220
         300                   437                   518                   520
         300                   193                   110                   220
         301                   512                   516                   520
         301                   110                   219                   220
         302                   510                   521                   522
         302                   218                   172                   222
         303                   403                   523                   524
         303                   172                   159                   223
         304                   434                   525                   526
         304                   191                   190                   223
         305                   525                   527                   528
         305                   190                   222                   223
         306                   521                   524                   528
         306                   222                   172                   223
         307                   529                   530                   531
         307                   178                   181                   224
         308                   421                   530                   532
         308                   181                   180                   224
         309                   417                   532                   533
         309                   180                    62                   224
         310                    26                   533                   534
         310                    62                   176                   224
         311                   414                   531                   534
         311                   176                   178                   224
         312                   157                   535                   536
         312                    71                    72                   225
         313                    28                   536                   537
         313                   177                    71                   225
         314                   413                   537                   538
         314                   178                   177                   225
         315                   419                   539                   540
         315                   179                   181                   226
         316                   424                   541                   542
         316                   162                   182                   227
         317                   431                   543                   544
         317                   188                   187                   228
         318                   543                   545                   546
         318                   187                   183                   228
         319                   544                   547                   548
         319                   227                   188                   228
         320                   426                   546                   549
         320                   183                   162                   228
         321                   542                   548                   549
         321                   162                   227                   228
         322                   545                   550                   551
         322                   183                   187                   229
         323                   409                   552                   553
         323                   174                   161                   230
         324                   427                   552                   554
         324                   161                   183                   230
         325                   551                   554                   555
         325                   183                   229                   230
         326                   412                   553                   556
         326                   175                   174                   230
         327                   555                   556                   557
         327                   229                   175                   230
         328                   558                   559                   560
         328                   231                   232                   233
         329                   561                   562                   563
         329                   234                   231                   235
         330                   564                   565                   566
         330                   236                   189                   235
         331                   560                   562                   567
         331                   231                   233                   235
         332                   566                   567                   568
         332                   233                   236                   235
         333                   558                   569                   570
         333                   232                   231                   237
         334                   571                   572                   573
         334                   238                   239                   237
         335                   550                   574                   575
         335                   229                   187                   240
         336                   576                   577                   578
         336                   238                   186                   241
         337                   429                   577                   579
         337                   186                   185                   241
         338                   579                   580                   581
         338                   185                   242                   241
         339                   576                   582                   583
         339                   186                   238                   243
         340                   573                   582                   584
         340                   238                   237                   243
         341                   569                   584                   585
         341                   237                   231                   243
         342                   561                   585                   586
         342                   231                   234                   243
         343                   583                   586                   587
         343                   234                   186                   243
         344                   479                   588                   589
         344                   212                   184                   244
         345                   430                   588                   590
         345                   184                   186                   244
         346                   432                   591                   592
         346                   189                   188                   245
         347                   563                   593                   594
         347                   234                   235                   245
         348                   565                   592                   593
         348                   235                   189                   245
         349                   280                   595                   596
         349                    95                   135                   246
         350                   360                   596                   597
         350                   156                    95                   246
         351                   436                   598                   599
         351                   190                   192                   247
         352                   600                   601                   602
         352                   248                   249                   247
         353                   603                   604                   605
         353                   250                   192                   251
         354                   435                   604                   606
         354                   192                   191                   251
         355                   607                   608                   609
         355                   248                   252                   253
         356                   570                   610                   611
         356                   232                   237                   253
         357                   572                   610                   612
         357                   237                   239                   253
         358                   571                   613                   614
         358                   239                   238                   254
         359                   578                   613                   615
         359                   238                   241                   254
         360                   581                   615                   616
         360                   241                   242                   254
         361                   438                   617                   618
         361                   112                   193                   255
         362                   217                   619                   620
         362                    57                   113                   255
         363                   213                   618                   619
         363                   113                   112                   255
         364                   347                   620                   621
         364                   151                    57                   255
         365                   621                   622                   623
         365                   256                   151                   255
         366                   351                   624                   625
         366                   153                   151                   257
         367                   622                   624                   626
         367                   151                   256                   257
         368                   517                   627                   628
         368                   193                   221                   258
         369                   623                   629                   630
         369                   256                   255                   258
         370                   617                   628                   629
         370                   255                   193                   258
         371                   631                   632                   633
         371                   196                   259                   260
         372                   450                   634                   635
         372                   164                   197                   260
         373                   446                   633                   634
         373                   197                   196                   260
         374                   631                   636                   637
         374                   259                   196                   261
         375                   460                   636                   638
         375                   196                   201                   261
         376                   456                   638                   639
         376                   201                   200                   261
         377                   639                   640                   641
         377                   200                   262                   261
         378                   455                   642                   643
         378                   200                   195                   263
         379                   644                   645                   646
         379                   210                   208                   264
         380                   645                   647                   648
         380                   208                   265                   264
         381                   441                   649                   650
         381                   195                   165                   266
         382                   651                   652                   653
         382                   267                   263                   266
         383                   642                   650                   652
         383                   263                   195                   266
         384                   654                   655                   656
         384                   268                   262                   269
         385                   657                   658                   659
         385                   250                   268                   270
         386                   660                   661                   662
         386                   271                   252                   270
         387                   656                   658                   663
         387                   268                   269                   270
         388                   662                   663                   664
         388                   269                   271                   270
         389                   654                   665                   666
         389                   262                   268                   272
         390                   637                   667                   668
         390                   259                   261                   272
         391                   641                   666                   667
         391                   261                   262                   272
         392                   660                   669                   670
         392                   252                   271                   273
         393                   611                   671                   672
         393                   232                   253                   273
         394                   608                   670                   671
         394                   253                   252                   273
         395                   607                   673                   674
         395                   252                   248                   274
         396                   602                   673                   675
         396                   248                   247                   274
         397                   598                   675                   676
         397                   247                   192                   274
         398                   603                   676                   677
         398                   192                   250                   274
         399                   659                   677                   678
         399                   250                   270                   274
         400                   661                   674                   678
         400                   270                   252                   274
         401                   184                   679                   680
         401                    81                    83                   275
         402                   462                   679                   681
         402                    83                   202                   275
         403                   471                   681                   682
         403                   202                   208                   275
         404                    43                   680                   683
         404                   206                    81                   275
         405                   468                   683                   684
         405                   207                   206                   275
         406                   475                   684                   685
         406                   210                   207                   275
         407                   644                   682                   685
         407                   208                   210                   275
         408                   647                   686                   687
         408                   265                   208                   276
         409                   470                   686                   688
         409                   208                   204                   276
         410                   687                   689                   690
         410                   277                   265                   276
         411                   451                   691                   692
         411                   199                   198                   278
         412                   473                   691                   693
         412                   198                   209                   278
         413                   514                   694                   695
         413                   220                   218                   279
         414                   522                   694                   696
         414                   218                   222                   279
         415                   696                   697                   698
         415                   222                   280                   279
         416                   519                   695                   699
         416                   221                   220                   279
         417                   698                   700                   701
         417                   280                   281                   279
         418                   699                   701                   702
         418                   281                   221                   279
         419                   697                   703                   704
         419                   280                   222                   282
         420                   527                   703                   705
         420                   222                   190                   282
         421                   704                   706                   707
         421                   249                   280                   282
         422                   599                   705                   708
         422                   190                   247                   282
         423                   601                   707                   708
         423                   247                   249                   282
         424                   706                   709                   710
         424                   280                   249                   283
         425                   711                   712                   713
         425                   284                   281                   283
         426                   700                   710                   712
         426                   281                   280                   283
         427                   600                   714                   715
         427                   249                   248                   285
         428                   609                   714                   716
         428                   248                   253                   285
         429                   612                   716                   717
         429                   253                   239                   285
         430                   614                   717                   718
         430                   239                   254                   285
         431                   718                   719                   720
         431                   254                   284                   285
         432                   713                   720                   721
         432                   284                   283                   285
         433                   709                   715                   721
         433                   283                   249                   285
         434                   711                   722                   723
         434                   281                   284                   286
         435                   719                   722                   724
         435                   284                   254                   286
         436                   616                   724                   725
         436                   254                   242                   286
         437                   386                   726                   727
         437                    72                   164                   287
         438                   535                   727                   728
         438                   225                    72                   287
         439                   526                   729                   730
         439                   191                   223                   288
         440                   730                   731                   732
         440                   226                   191                   288
         441                   523                   729                   733
         441                   223                   159                   288
         442                   416                   733                   734
         442                   159                   179                   288
         443                   540                   732                   734
         443                   179                   226                   288
         444                   541                   735                   736
         444                   227                   182                   289
         445                   547                   737                   738
         445                   188                   227                   290
         446                   736                   737                   739
         446                   227                   289                   290
         447                   739                   740                   741
         447                   289                   291                   290
         448                   568                   742                   743
         448                   236                   233                   292
         449                   744                   745                   746
         449                   293                   240                   292
         450                   743                   745                   747
         450                   240                   236                   292
         451                   467                   748                   749
         451                   204                   203                   294
         452                   690                   750                   751
         452                   277                   276                   294
         453                   688                   749                   750
         453                   276                   204                   294
         454                   433                   752                   753
         454                   187                   189                   295
         455                   574                   753                   754
         455                   240                   187                   295
         456                   564                   752                   755
         456                   189                   236                   295
         457                   747                   754                   755
         457                   236                   240                   295
         458                   744                   756                   757
         458                   240                   293                   296
         459                   651                   758                   759
         459                   263                   267                   297
         460                   689                   760                   761
         460                   265                   277                   298
         461                   762                   763                   764
         461                   299                   297                   298
         462                   761                   763                   765
         462                   297                   265                   298
         463                   760                   766                   767
         463                   277                   296                   298
         464                   756                   767                   768
         464                   296                   293                   298
         465                   594                   769                   770
         465                   234                   245                   300
         466                   587                   770                   771
         466                   186                   234                   300
         467                   590                   771                   772
         467                   244                   186                   300
         468                   299                   773                   774
         468                   135                   139                   301
         469                   397                   773                   775
         469                   139                   169                   301
         470                   775                   776                   777
         470                   169                   302                   301
         471                   595                   774                   778
         471                   246                   135                   301
         472                   778                   779                   780
         472                   291                   246                   301
         473                   777                   780                   781
         473                   302                   291                   301
         474                   488                   782                   783
         474                   169                   212                   303
         475                   776                   783                   784
         475                   302                   169                   303
         476                   490                   785                   786
         476                   214                   154                   304
         477                   355                   785                   787
         477                   154                   153                   304
         478                   625                   787                   788
         478                   153                   257                   304
         479                   395                   789                   790
         479                   168                   167                   305
         480                   496                   790                   791
         480                   215                   168                   305
         481                   492                   792                   793
         481                   167                   214                   306
         482                   786                   792                   794
         482                   214                   304                   306
         483                   795                   796                   797
         483                   307                   305                   306
         484                   789                   793                   796
         484                   305                   167                   306
         485                   626                   798                   799
         485                   257                   256                   308
         486                   788                   799                   800
         486                   304                   257                   308
         487                   797                   801                   802
         487                   307                   306                   308
         488                   794                   800                   801
         488                   306                   304                   308
         489                   630                   803                   804
         489                   256                   258                   309
         490                   802                   805                   806
         490                   307                   308                   309
         491                   798                   804                   805
         491                   308                   256                   309
         492                   580                   807                   808
         492                   242                   185                   310
         493                   494                   807                   809
         493                   185                   215                   310
         494                   725                   808                   810
         494                   286                   242                   310
         495                   791                   809                   811
         495                   215                   305                   310
         496                   795                   811                   812
         496                   305                   307                   310
         497                   806                   812                   813
         497                   307                   309                   310
         498                   814                   815                   816
         498                   267                   264                   311
         499                   648                   815                   817
         499                   264                   265                   311
         500                   765                   817                   818
         500                   265                   297                   311
         501                   758                   816                   818
         501                   297                   267                   311
         502                   476                   819                   820
         502                   209                   210                   312
         503                   646                   819                   821
         503                   210                   264                   312
         504                   454                   822                   823
         504                   165                   199                   313
         505                   649                   823                   824
         505                   266                   165                   313
         506                   692                   822                   825
         506                   199                   278                   313
         507                   814                   826                   827
         507                   264                   267                   314
         508                   653                   826                   828
         508                   267                   266                   314
         509                   821                   827                   829
         509                   312                   264                   314
         510                   664                   830                   831
         510                   271                   269                   315
         511                   605                   832                   833
         511                   250                   251                   316
         512                   657                   833                   834
         512                   268                   250                   316
         513                   665                   834                   835
         513                   272                   268                   316
         514                   529                   836                   837
         514                   181                   178                   317
         515                   538                   836                   838
         515                   178                   225                   317
         516                   735                   839                   840
         516                   289                   182                   318
         517                   356                   841                   842
         517                   155                   132                   318
         518                   425                   839                   842
         518                   182                   155                   318
         519                   363                   841                   843
         519                   132                   156                   318
         520                   742                   844                   845
         520                   292                   233                   319
         521                   559                   844                   846
         521                   233                   232                   319
         522                   672                   846                   847
         522                   232                   273                   319
         523                   748                   848                   849
         523                   294                   203                   320
         524                   406                   850                   851
         524                   119                   173                   320
         525                   463                   848                   851
         525                   203                   119                   320
         526                   410                   850                   852
         526                   173                   175                   320
         527                   751                   853                   854
         527                   277                   294                   321
         528                   766                   854                   855
         528                   296                   277                   321
         529                   849                   853                   856
         529                   294                   320                   321
         530                   557                   857                   858
         530                   175                   229                   322
         531                   575                   857                   859
         531                   229                   240                   322
         532                   757                   859                   860
         532                   240                   296                   322
         533                   855                   860                   861
         533                   296                   321                   322
         534                   852                   858                   862
         534                   320                   175                   322
         535                   856                   861                   862
         535                   321                   320                   322
         536                   759                   863                   864
         536                   263                   297                   323
         537                   640                   865                   866
         537                   262                   200                   323
         538                   643                   864                   865
         538                   200                   263                   323
         539                   655                   866                   867
         539                   269                   262                   323
         540                   764                   868                   869
         540                   299                   298                   324
         541                   768                   868                   870
         541                   298                   293                   324
         542                   869                   871                   872
         542                   315                   299                   324
         543                   769                   873                   874
         543                   300                   245                   325
         544                   591                   873                   875
         544                   245                   188                   325
         545                   738                   875                   876
         545                   188                   290                   325
         546                   784                   877                   878
         546                   302                   303                   326
         547                   589                   879                   880
         547                   212                   244                   326
         548                   782                   877                   880
         548                   303                   212                   326
         549                   772                   879                   881
         549                   244                   300                   326
         550                   874                   881                   882
         550                   300                   325                   326
         551                   702                   883                   884
         551                   221                   281                   327
         552                   813                   885                   886
         552                   310                   309                   327
         553                   627                   884                   887
         553                   258                   221                   327
         554                   803                   885                   887
         554                   309                   258                   327
         555                   723                   883                   888
         555                   281                   286                   327
         556                   810                   886                   888
         556                   286                   310                   327
         557                   825                   889                   890
         557                   313                   278                   328
         558                   693                   889                   891
         558                   278                   209                   328
         559                   820                   891                   892
         559                   209                   312                   328
         560                   829                   892                   893
         560                   312                   314                   328
         561                   824                   890                   894
         561                   266                   313                   328
         562                   828                   893                   894
         562                   314                   266                   328
         563                   832                   895                   896
         563                   316                   251                   329
         564                   731                   897                   898
         564                   191                   226                   329
         565                   606                   895                   898
         565                   251                   191                   329
         566                   539                   899                   900
         566                   226                   181                   330
         567                   837                   899                   901
         567                   181                   317                   330
         568                   897                   900                   902
         568                   329                   226                   330
         569                   728                   903                   904
         569                   225                   287                   331
         570                   838                   904                   905
         570                   317                   225                   331
         571                   835                   906                   907
         571                   272                   316                   332
         572                   905                   908                   909
         572                   317                   331                   332
         573                   896                   906                   910
         573                   316                   329                   332
         574                   597                   911                   912
         574                   156                   246                   333
         575                   843                   912                   913
         575                   318                   156                   333
         576                   840                   913                   914
         576                   289                   318                   333
         577                   779                   911                   915
         577                   246                   291                   333
         578                   740                   914                   915
         578                   291                   289                   333
         579                   831                   916                   917
         579                   271                   315                   334
         580                   872                   916                   918
         580                   315                   324                   334
         581                   669                   917                   919
         581                   273                   271                   334
         582                   847                   919                   920
         582                   319                   273                   334
         583                   871                   921                   922
         583                   299                   315                   335
         584                   830                   921                   923
         584                   315                   269                   335
         585                   867                   923                   924
         585                   269                   323                   335
         586                   762                   922                   925
         586                   297                   299                   335
         587                   863                   924                   925
         587                   323                   297                   335
         588                   746                   926                   927
         588                   293                   292                   336
         589                   870                   927                   928
         589                   324                   293                   336
         590                   918                   928                   929
         590                   334                   324                   336
         591                   845                   926                   930
         591                   292                   319                   336
         592                   920                   929                   930
         592                   319                   334                   336
         593                   781                   931                   932
         593                   291                   302                   337
         594                   878                   931                   933
         594                   302                   326                   337
         595                   882                   933                   934
         595                   326                   325                   337
         596                   741                   932                   935
         596                   290                   291                   337
         597                   876                   934                   935
         597                   325                   290                   337
         598                   903                   936                   937
         598                   331                   287                   338
         599                   635                   938                   939
         599                   164                   260                   338
         600                   726                   936                   939
         600                   287                   164                   338
         601                   908                   937                   940
         601                   332                   331                   338
         602                   632                   941                   942
         602                   260                   259                   339
         603                   668                   941                   943
         603                   259                   272                   339
         604                   907                   943                   944
         604                   272                   332                   339
         605                   940                   944                   945
         605                   332                   338                   339
         606                   938                   942                   945
         606                   338                   260                   339
         607                   902                   946                   947
         607                   329                   330                   340
         608                   910                   947                   948
         608                   332                   329                   340
         609                   901                   946                   949
         609                   330                   317                   340
         610                   909                   948                   949
         610                   317                   332                   340
