           1   98.4960937500000        98.6979166666667     
   8.81195068359375     
           2   1.93435872395834        97.9166666666666     
   18.1346130371094     
           3   1.50390625000000        1.30208333333333     
   8.81195068359375     
           4   98.0656412760415        2.08333333333334     
   18.1346130371094     
           5   98.5366933182377        93.8344275746829     
   10.5032266708525     
           6   97.0327870682373        96.7315629913490     
   13.0695640239510     
           7   8.49713732963786        98.0906257592321     
   17.1003727150033     
           8   4.57255440320557        96.0072924258990     
   23.2188376955203     
           9   1.46330668176232        6.16557242531771     
   10.5032266708526     
          10   2.96721293176232        3.26843700865105     
   13.0695640239509     
          11   98.3482253377345        8.98858433280839     
   15.4853874587394     
          12   96.4138666137763        4.82191766614172     
   21.1890946512157     
          13   92.6913848598765        98.8742710978564     
   8.53044711508800     
          14   94.4159199749884        96.9079174225381     
   10.0538043839388     
          15   98.1882459792005        83.5384138586026     
   13.6677732526128     
          16   98.3461657203725        88.8507568278162     
   12.4764353614499     
          17   96.8828590386094        91.4579708608309     
   12.0725701546089     
          18   92.9372934993026        86.3248885823600     
   16.6519592122984     
          19   96.5344116995725        86.1098738114186     
   15.2189777760632     
          20   82.9056029699933        97.7985794444665     
   19.1135007505829     
          21   1.56180569720878        90.2930451816409     
   14.6419284113323     
          22   4.20000137645602        92.5503376075396     
   17.5300765585489     
          23   21.3552471770922        97.8832490209504     
   19.1054572639452     
          24   2.26642106557039        77.9875391829024     
   21.2476974897224     
          25   14.8361176508693        97.7828335141953     
   20.0117916376803     
          26   11.5439880127338        95.8734592734275     
   21.9133353439707     
          27   18.4003888758132        95.6660825351458     
   24.5905196863941     
          28   7.30861514012364        1.12572890214349     
   8.53044711508799     
          29   5.58408002501096        3.09208257746121     
   10.0538043839387     
          30   1.81529447930384        16.4639248479256     
   13.6944822779513     
          31   1.65531104460750        11.1498755429350     
   12.4875759956962     
          32   3.11861772636982        8.54266150991933     
   12.0829196966183     
          33   7.07452062053483        13.6801703836463     
   16.7064697745769     
          34   3.47060552391134        13.8930972658605     
   15.2525662236402     
          35   17.0978827176087        2.19837665855235     
   19.0870725757889     
          36   92.8191399736041        94.4846292944277     
   8.56585496115699     
          37   91.6483612687171        89.5396188873121     
   15.4043498776817     
          38   93.7821727872245        91.9318181493866     
   12.2239816245369     
          39   87.8807640131296        91.0167383789627     
   20.7062947374706     
          40   90.6266874712319        83.1397623124128     
   22.2413204517816     
          41   85.0527146369020        88.5265988817960     
   27.1884273613215     
          42   83.7108717735791        81.0258072646604     
   24.2864487066220     
          43   86.5097058644182        83.8643531201983     
   25.3671672328046     
          44   88.0954162978754        98.8504727546508     
   8.71078405745141     
          45   85.8618265595350        96.6490521991171     
   13.0153015536302     
          46   90.3503265483766        97.7247438525072     
   6.28241879978160     
          47   87.6329176519004        94.2257640710059     
   12.5592450273465     
          48   90.4374820938656        95.3014557243954     
   7.11906797674084     
          49   98.5753977482549        59.7301348639979     
   13.3556461101081     
          50   98.3377558314963        71.6660321252560     
   15.5835390797212     
          51   58.7905031395051        98.3885885313437     
   15.1069825186553     
          52   71.0231446711247        98.2918030837982     
   16.0143460893920     
          53   7.54420554928129        90.8333541000686     
   14.0759851660435     
          54   13.3794548394357        89.8053750976501     
   14.9570696444726     
          55   10.9636092591267        92.0731424326231     
   18.9594023900739     
          56   27.1725831233759        98.6371913806464     
   12.7763308064402     
          57   24.6420362330853        96.5204404015968     
   14.9450547264748     
          58   33.0936040726756        98.4739731122937     
   14.3065020722472     
          59   30.2079840710514        97.1111644929396     
   11.3480864032196     
          60   1.51651804623634        71.9598217586583     
   14.2173566834657     
          61   3.78293911180672        74.9473609415608     
   15.9293607497002     
          62   18.8997274748142        91.9383621669841     
   17.7002090895316     
          63   16.4649145829943        89.8779715702928     
   12.2801324383592     
          64   7.18253993338695        5.51532447164371     
   8.57196973126947     
          65   8.36159229960696        10.4630551382365     
   15.4504514365610     
          66   6.22098388474580        8.06876798743517     
   12.2385926720415     
          67   12.1311984778165        8.98225937885393     
   20.7561999230788     
          68   9.38424727874245        16.9050621784288     
   22.5510929916765     
          69   14.9803550531293        11.4409229446765     
   27.1141734588671     
          70   16.4761492613234        18.9815132962951     
   26.2152618623654     
          71   13.5204755331275        16.1466104988417     
   26.0222387560414     
          72   11.9054446345568        1.14901222353077     
   8.70688137148803     
          73   14.1425200604988        3.34738888208312     
   13.0094688681417     
          74   9.65053438405543        2.27474112567426     
   6.28545680419322     
          75   12.3731088751248        5.77063077626561     
   12.5652839365950     
          76   9.56505874555642        4.69798301985676     
   7.12478457357880     
          77   1.69746578809173        40.1318489128814     
   15.9137417633600     
          78   1.54795458875943        28.4106190198331     
   14.5120742696196     
          79   28.9703013977083        1.70900066982732     
   16.0218812796312     
          80   97.9687573150522        39.9468441437392     
   19.0429001713854     
          81   61.1132165196505        1.78878629688269     
   16.7698715332752     
          82   72.8406438926337        1.73445293095918     
   16.2604962277424     
          83   98.2156197138228        21.7630732552274     
   16.7285651829102     
          84   88.0226989716282        27.9015240897346     
   15.9795819948804     
          85   98.2868786064096        28.0177710562016     
   16.0605130649090     
          86   91.3493159621334        28.0260055698631     
   17.9306763471317     
          87   93.0122833333890        24.6932021183896     
   16.3700751075656     
          88   96.5024983202327        24.7808443114289     
   16.3963701179449     
          89   85.0496912848779        1.95849936728777     
   17.6771034162848     
          90   84.3691149965811        76.7898720593118     
   23.0499822546391     
          91   79.2272966776686        82.2425509197634     
   24.3472746776813     
          92   93.2370324571026        68.3025735520711     
   15.3029053062369     
          93   96.6739603268724        68.4983004385441     
   14.3458890567500     
          94   98.3362044953764        65.5822683132886     
   15.5980828558489     
          95   96.9116022436312        62.8124031772866     
   11.5440009698341     
          96   96.5720034790344        74.4611912394856     
   15.2619261158321     
          97   98.2342476475380        77.7951591142296     
   16.5539283043312     
          98   96.4224936267383        80.4904740144995     
   16.0444899637457     
          99   92.4580533190400        79.8768076973679     
   19.4679525372759     
         100   68.1952026287585        96.5079876176289     
   16.8141257941958     
         101   64.7302610826343        98.2161845338310     
   16.7232699953347     
         102   62.2125610971388        96.6047730651744     
   13.1942977428831     
         103   68.8421601597159        92.8777847665302     
   18.1397174549928     
         104   80.8315131341049        89.6197902521043     
   26.8228621231711     
         105   77.8049292657114        86.1742881456096     
   24.9207301385208     
         106   72.5823814573486        91.3962386656157     
   19.1074412778854     
         107   73.5666901326145        87.4575129197885     
   24.1367693526095     
         108   12.3819863541588        86.3260136053903     
   13.5054848738402     
         109   15.6799974494027        23.5811246475576     
   28.5316870774472     
         110   20.8902877334507        17.4801519280940     
   23.8501458887816     
         111   6.03204442278767        35.4780732400197     
   14.2391517162773     
         112   5.88253322345537        32.0901766803048     
   13.1723611614187     
         113   2.82156342174050        31.4126348464958     
   10.7324448404572     
         114   1.27360883298108        34.2520158266627     
   11.9400828091976     
         115   2.97107462107281        36.8838647395441     
   12.0399715940368     
         116   3.28693587978173        25.6479834197174     
   15.1184431695843     
         117   1.73898129102230        22.2373643998842     
   16.3029496033341     
         118   3.55427577032615        19.5443882061431     
   16.2399931755093     
         119   7.51931347314127        20.1984524188607     
   19.9139372759021     
         120   31.7484109456084        3.52711214355673     
   16.7004294183097     
         121   35.2199064229001        1.81811147372941     
   17.0447950662132     
         122   37.3792552120142        3.70281937038555     
   12.3985311256494     
         123   31.0970935977555        7.16995332916919     
   17.7645278769511     
         124   19.1868069923756        10.3023511406345     
   26.3805355695487     
         125   22.1410659445010        13.5066773265986     
   22.4891500105955     
         126   27.3987521273918        8.57391087751690     
   19.0747283782760     
         127   26.3521581546259        12.2676130522060     
   22.0052353263226     
         128   93.0711242585742        34.4690815219968     
   17.4285094955798     
         129   93.3892455499315        30.8733417677924     
   15.7166025862126     
         130   96.8365932073650        30.7774650610917     
   12.7121150930016     
         131   98.5497146009550        34.0096940048901     
   13.5964256160455     
         132   96.5184719160076        36.4565381486295     
   15.2329380654676     
         133   48.4952222128441        1.47018574990633     
   13.7829914053719     
         134   75.7255089345713        3.58596544691316     
   16.8192133623124     
         135   81.6212023878147        7.57718117267801     
   17.1037329188003     
         136   78.9990709745549        1.85151251595398     
   16.7114571328095     
         137   81.8397382115811        3.81001188324174     
   17.5694384783073     
         138   65.8620090498316        6.54275224302925     
   15.4065360876157     
         139   69.2561030894814        6.48841887710575     
   14.6632908731077     
         140   69.8648454858884        3.12932284482756     
   12.0846337422133     
         141   66.9659984682548        1.39486991386838     
   13.0769054425161     
         142   64.3874181129052        3.18365621075108     
   12.6945629805753     
         143   96.3980503487615        11.7741676406236     
   17.7523612384984     
         144   98.0498250110268        15.2855833078152     
   18.2828905216241     
         145   96.2654447248496        18.2986565630425     
   19.2489005746323     
         146   76.5313262060188        17.7103500000404     
   14.1643920206651     
         147   81.7298274062020        14.5747109050809     
   12.9084710830518     
         148   71.9646077301696        8.68480273915789     
   19.2152581540500     
         149   72.1588867627518        12.3324574702462     
   20.3832299352543     
         150   75.4582151685144        7.17721922283371     
   16.7636349213548     
         151   78.5132413847317        9.20993558131079     
   16.9304489126488     
         152   78.7110084712712        12.7670279628216     
   15.7992084180460     
         153   75.8502612876360        14.3819663354328     
   16.8008212267682     
         154   87.7563459370009        3.99197727200876     
   16.8910552259714     
         155   90.9173876843497        2.03347790472100     
   18.2118462352729     
         156   93.1901959485165        4.77206223752937     
   18.4748306770306     
         157   85.9393477153048        24.5862506082400     
   15.5523979603548     
         158   80.0102356170463        19.5255122298657     
   14.2736864622061     
         159   82.3479896335946        18.0048115075176     
   14.1648305121494     
         160   91.0855599913735        21.5984453629802     
   16.6281394009163     
         161   87.3392413637938        21.6159753329590     
   18.3257494591091     
         162   85.6449138111775        18.7692209108447     
   13.7062493703985     
         163   92.6255999892434        18.2216708638346     
   18.5433330203473     
         164   91.6884136274491        71.0099769064985     
   13.4855025872053     
         165   88.0801653913422        71.4445819506157     
   16.4845461932651     
         166   93.3595891447576        74.0008629072016     
   13.3215492720446     
         167   87.5526529534140        75.1933091866246     
   19.0780992784246     
         168   91.0573930055622        76.7211644648141     
   16.5309355516446     
         169   80.1506611030130        96.3569346535084     
   17.1290699191173     
         170   79.1335295509876        93.0915730864243     
   18.7532709326061     
         171   76.8414936798941        98.5583552090418     
   12.5168626797749     
         172   74.2103577520612        96.8501582928402     
   13.0377705544203     
         173   75.1226370073276        93.5847967257560     
   14.5882816679735     
         174   4.12533640514761        81.1682853968557     
   21.0559402671839     
         175   8.10907732692494        81.7217574187913     
   20.7701648578770     
         176   1.85891533957722        84.4307462139533     
   17.4273313085365     
         177   3.42072103678601        87.2237913955945     
   12.8659968969341     
         178   6.76492520961127        87.5901412214564     
   13.1412431738430     
         179   9.18686043417985        85.3505680617512     
   16.5656149439284     
         180   7.70367883824878        29.7258107586948     
   14.6740744587206     
         181   11.3110951712575        29.5467085501292     
   19.7658051710522     
         182   6.38169032755623        26.2856333247700     
   13.3742300136567     
         183   12.2151630723577        25.3565642623711     
   21.1654629644319     
         184   8.79877344161192        23.5290785176544     
   17.7677763975862     
         185   19.8509356592875        3.63153495327314     
   17.0239038291232     
         186   20.8601145441156        6.85360397535026     
   18.3484089250227     
         187   23.1566173948038        1.43315829472079     
   12.4431799607730     
         188   25.7811993914705        3.14215896454812     
   12.9872239153723     
         189   24.8609674690069        6.36422798662523     
   14.2674378346993     
         190   96.5375262771982        57.2600041356194     
   15.2889049350937     
         191   97.9621285289436        53.7798692716214     
   19.1050450411571     
         192   95.9889221067320        51.6411630529498     
   15.5720629450917     
         193   96.2695759876513        42.4954004389865     
   17.4027197504636     
         194   98.3008186725993        46.2985562952471     
   15.9298249443827     
         195   96.3276122503882        48.3265167432422     
   13.9444974176415     
         196   46.0139025652524        3.55036147818982     
   16.3942358130318     
         197   42.4604772274084        2.08017572828350     
   19.5016474526577     
         198   40.4531593498558        3.96488362493965     
   13.5821759821522     
         199   58.3342283078853        3.82394111708513     
   20.1437074137290     
         200   54.6628086632347        2.03515482020244     
   19.0795764393979     
         201   51.9662340010788        3.50534057010877     
   14.7968376126698     
         202   65.6597967920054        90.9204951604161     
   20.5583642587034     
         203   62.4951392755533        92.9392865428581     
   15.8330628182492     
         204   70.4555601794019        85.1662904186327     
   21.8208116060081     
         205   66.2888881364255        87.1477265583454     
   21.0974617327612     
         206   63.4448188584005        84.8269115497083     
   20.7054574176212     
         207   34.3605847246168        9.15221114742888     
   21.0402938264467     
         208   37.1712508615839        7.39407785847258     
   11.9913261924414     
         209   40.2451549994254        7.65614211302666     
   13.3328503041165     
         210   29.4679870784508        15.1059031568095     
   25.4488147823653     
         211   33.7780721780782        13.3944588003801     
   27.3205903604715     
         212   37.0948515882449        15.8783919264046     
   27.7464521490120     
         213   17.8475575020405        86.3169909359218     
   12.5596636733637     
         214   15.4016345074340        84.3481833260191     
   16.6664965460196     
         215   26.5448036560237        93.3390021124354     
   16.2531311947085     
         216   30.0274181606566        93.9297262037785     
   13.9007005391179     
         217   7.34203789229077        73.6312531505544     
   18.3184143461082     
         218   85.7420210777843        30.4175289936777     
   16.1022218523396     
         219   89.9836772069670        36.0990437016849     
   25.6215731372979     
         220   83.1053576466986        35.7961219211634     
   15.7939924118879     
         221   86.2440270112275        33.9972289355161     
   21.8897968360929     
         222   73.9218639037531        19.6944874681540     
   17.1698144917221     
         223   93.6961082253591        11.0354033887219     
   9.14180818844243     
         224   92.4226125490727        8.19996465229437     
   8.20807274355582     
         225   77.0284814002521        79.2401321234585     
   18.7163925100015     
         226   64.6004589869723        81.0127804904845     
   17.0733804519291     
         227   19.0795774251562        25.6769622844514     
   19.6829392478101     
         228   23.7603460407437        20.1506609615674     
   21.1713732339834     
         229   28.1269531756190        19.0154764646755     
   23.3298349290362     
         230   25.3361917784207        26.1370903361050     
   15.4640050810772     
         231   22.7457875443700        23.7478599666623     
   17.0736881180924     
         232   45.8441667847934        98.2225518348037     
   16.6635765487154     
         233   59.8096968615687        85.7376619463927     
   18.3057948142166     
         234   57.0275288078408        95.8942300615040     
   16.1859772722850     
         235   54.2945236727924        89.3048530993944     
   18.0812887971380     
         236   59.3934403195888        92.2287435391882     
   15.1293788043139     
         237   58.1605009436390        89.1943213362893     
   19.3001204934834     
         238   41.2317959084833        14.3199112551404     
   23.1350500338199     
         239   42.3350141985779        10.2733126717869     
   24.1168678411138     
         240   36.7622858730709        20.2591059002665     
   22.6846846891648     
         241   66.9824257416389        39.0078534889606     
   22.4667637445434     
         242   45.0957558811291        30.4278759833638     
   20.4378218207002     
         243   54.4646061274445        72.1674598814532     
   17.7587489409095     
         244   85.7285352978125        68.7315252102746     
   21.3832764338799     
         245   15.2848058135243        80.8002970352094     
   21.3760538129369     
         246   14.6215061103765        72.8977187864428     
   22.7080504029426     
         247   11.1873745529942        79.1493166716215     
   23.1100543605440     
         248   10.7627324117009        75.1964035253460     
   24.9637093564065     
         249   23.0889308107365        83.1958382092620     
   19.4949433484629     
         250   20.9143332742027        86.0328229808337     
   15.8213891647966     
         251   22.0393350994782        89.6942191219598     
   15.7563287041441     
         252   25.4485063143661        90.2405012009601     
   21.7657131469688     
         253   1.72669490805105        66.1998794017341     
   16.1877647629786     
         254   3.24321295428739        69.4097011603925     
   11.9384691255478     
         255   6.80231173477139        70.1769267027193     
   14.3049846777760     
         256   21.9062538875197        72.1661305056120     
   19.1592331758284     
         257   18.3896530497949        74.4847133433614     
   19.7364312082627     
         258   22.2953594989206        79.5947011726698     
   19.6200023854873     
         259   18.6283106116494        78.4343784458529     
   23.1051800960995     
         260   8.36895310727171        37.6939884932852     
   19.9088576548146     
         261   13.3337347902017        32.6408030146475     
   24.0739553999212     
         262   13.8971425972908        39.5290270085701     
   12.8751989711300     
         263   11.7888813858987        36.7105506166414     
   20.3364470116675     
         264   1.45989598971046        53.0020160036245     
   13.6865249035356     
         265   13.3986118800895        43.3638221905543     
   14.8336689912371     
         266   1.96304035535153        59.0136948841748     
   18.4035033314206     
         267   3.42293634506199        55.7657108877993     
   14.7578100797935     
         268   6.59639970878430        54.7276657069268     
   13.9403335470808     
         269   79.6809356171140        34.1827082285545     
   14.0054455495705     
         270   72.0375550544515        32.6500694679786     
   21.5442320464503     
         271   81.8933113756746        28.7873888272040     
   17.2907525971398     
         272   79.6509471706928        22.9993105392947     
   17.3080274844586     
         273   82.1335053426051        25.2229626748397     
   19.1824030352781     
         274   78.9708952795330        30.7536750764337     
   20.9186825119762     
         275   74.8800592251877        29.6106824063789     
   23.5068572671320     
         276   73.2959824899693        25.8938489466547     
   24.6545273889870     
         277   75.6354148689942        23.1947830130004     
   18.3579504345543     
         278   93.1012176673341        42.0816097221459     
   13.1324943570105     
         279   90.2626665440825        39.7560429448105     
   15.4500494149752     
         280   71.2815815954173        39.1687768054999     
   19.0166510858562     
         281   73.6336033444094        36.2188691867725     
   19.2414924894278     
         282   77.1861478527266        36.6085152772936     
   14.5093935018755     
         283   87.1852989955257        15.5321846195109     
   14.1605428346401     
         284   84.6762825899829        13.1263396081552     
   15.0123233401119     
         285   90.4196665460120        15.0021645424796     
   18.8816147988572     
         286   91.3575691582163        12.2570526564526     
   10.1553790644926     
         287   84.7654246581353        9.68590225726306     
   18.4836844693955     
         288   87.6906151340246        7.95221087254779     
   16.4873152823297     
         289   90.0840734819301        9.42161392002505     
   9.33421193459890     
         290   70.8781957989568        81.7128636755891     
   16.5699083517396     
         291   73.6800945502068        79.3536013222458     
   15.3075298265899     
         292   72.3809212525208        76.1368358933127     
   12.9615709012715     
         293   67.8671638845516        79.8801687560774     
   13.8947713984347     
         294   69.0494248395363        76.5730647333552     
   13.7301861068931     
         295   81.4927654823969        75.0537201349266     
   11.0121515340466     
         296   78.6357069819779        76.2872365439701     
   9.49149509630766     
         297   74.5596438013025        73.2539198766945     
   17.3430660264878     
         298   77.4660426807150        73.5177897261394     
   10.1448570391312     
         299   79.1202024077015        66.0089405894600     
   24.2581644162179     
         300   81.5998465752101        69.3773731526546     
   23.2674216375185     
         301   80.3231011811339        72.2842733170956     
   11.4502188951126     
         302   66.9998556965465        73.9510104592969     
   19.2338187398373     
         303   62.1113492148106        78.6718447807905     
   16.3975162736524     
         304   57.0174524495238        74.3533305111693     
   17.4508182097290     
         305   60.7957856176321        72.6663942023350     
   18.0639496458751     
         306   63.3284849694002        74.9171787723247     
   18.9992912134210     
         307   49.3744556765845        93.1112356211479     
   15.4094891833269     
         308   52.6588510184606        92.3943253165051     
   15.0339415158163     
         309   54.1589167775596        95.9492800757158     
   15.9337219884068     
         310   51.7552244425569        98.4436385455551     
   14.5908886354202     
         311   48.7911881023502        96.6661903803591     
   13.0763377600716     
         312   36.1635168467547        96.5251018165725     
   16.6960711845509     
         313   39.3781158990789        98.0511287042788     
   18.2706683973867     
         314   42.6640795588724        96.2736805390822     
   19.3193771249415     
         315   52.8702993257840        86.0083779140568     
   17.3337541595522     
         316   44.1671153101676        17.3602838579008     
   19.9963972158427     
         317   43.9553171888607        27.2070010155243     
   19.8789565414776     
         318   40.2447004309346        26.2199329036460     
   17.4503901745863     
         319   45.9198898756020        23.8224037685323     
   17.2170819967775     
         320   40.0640867954022        22.2304788774435     
   16.1769333147035     
         321   43.3319719122605        20.8901375063421     
   16.3516143886103     
         322   37.3167182964064        28.2081594071625     
   21.1453223206120     
         323   30.2636481926106        21.8490775611666     
   17.8528439099722     
         324   33.7987627110245        22.3686355296370     
   17.7214633221789     
         325   34.1725814988277        26.3282350103305     
   15.3551449946913     
         326   28.4874452917860        25.3734924275011     
   14.4846412640265     
         327   30.9658789983020        27.8410365413968     
   15.7214205309626     
         328   49.3465642870302        45.2929131138602     
   15.6401663704767     
         329   52.3172408514690        39.7109185360047     
   15.3712067348609     
         330   46.4076363880407        37.0250224743761     
   13.8331780436815     
         331   49.3543113145735        41.7589691020138     
   15.0406048485887     
         332   46.5268120345986        40.3891107067935     
   14.4445086440302     
         333   52.1424911244996        46.5462680475481     
   14.0486120108506     
         334   57.5413917762580        48.2163122344190     
   11.5125362338209     
         335   37.2295466170908        32.6996760456897     
   26.5922117626600     
         336   62.2024356714417        43.3344523987318     
   14.6650311132973     
         337   65.2739689720981        42.0997922269665     
   16.7893234716115     
         338   67.2324472249339        44.9318196788190     
   11.1553165519260     
         339   59.6988057026550        42.5188432007050     
   13.8949045916443     
         340   57.2138469264961        45.3623136620704     
   10.7081649159532     
         341   54.6836346133004        44.4451674400780     
   11.2138505599175     
         342   54.8506373127265        41.1437619403811     
   11.9059333046564     
         343   58.2017226569549        39.7933443230153     
   15.9001385293288     
         344   68.2910756569009        32.3999807582679     
   17.5954193344042     
         345   65.5879680930805        35.8078571605225     
   19.4041755232253     
         346   48.8472751516807        31.2159718925163     
   19.0721281850956     
         347   52.3113566212811        36.2382453891939     
   15.9076256547949     
         348   49.2292514378277        34.9222077227855     
   15.6013410709643     
         349   63.8028825423663        8.89377710455528     
   19.9841837831941     
         350   59.5493033936747        7.56983589247957     
   19.6993395916621     
         351   55.4331043804032        68.7784857323666     
   13.9702198700662     
         352   57.0722062820667        62.8704892179034     
   14.0078138022476     
         353   48.7514032777157        70.7085571204210     
   12.7879600230875     
         354   51.1745431203167        73.0435129853511     
   14.3824748714802     
         355   51.7973195978290        58.0371959679470     
   20.0920194573020     
         356   52.3348645515478        50.2144446520706     
   16.7283700204690     
         357   55.2035528901106        50.9673426169493     
   13.6332178890478     
         358   60.4226093618163        49.2606922410784     
   14.2760153549899     
         359   62.5986944808411        47.2223028667564     
   12.7549006884771     
         360   65.3780457647099        47.7867664792507     
   11.8341118146069     
         361   87.5454126401349        64.9533884494249     
   22.0930947754322     
         362   93.4579871813437        62.3849035858105     
   15.1104372142165     
         363   91.4456615633183        64.9590418353385     
   18.5391849472753     
         364   93.0839112149105        58.9158378774765     
   17.0001069798195     
         365   90.3250917817673        57.0632830023769     
   20.1608622719332     
         366   92.8385407508153        52.0880724262380     
   9.13420370935131     
         367   90.6283254881385        53.7710253004744     
   11.7199006579293     
         368   80.8541132314031        62.1808725420287     
   21.2891562703250     
         369   86.5312574841530        58.2388000725633     
   19.7492401673612     
         370   85.1506347412344        61.7711683443736     
   23.4392828523074     
         371   28.7821039587796        81.0979827675320     
   11.7439622261397     
         372   27.9055306233104        87.0293494991312     
   17.2109985906526     
         373   26.6709569449565        83.6460826485596     
   15.3894445697761     
         374   28.3491297158253        78.0308165140689     
   11.5884475863488     
         375   25.4444113901863        76.9777793585046     
   16.6424187336293     
         376   25.2939633406398        73.4988737939378     
   17.7994197957040     
         377   28.7246808762405        71.2973914189234     
   18.1432093394139     
         378   21.9204548571960        68.4898499469765     
   19.3435353649114     
         379   12.9589629534161        52.0647522569057     
   21.0725559175131     
         380   16.6937852865306        51.3242742642216     
   23.6610807924402     
         381   14.6616874304459        69.0313950102325     
   21.9238894664765     
         382   18.5902781386440        63.4326606002626     
   16.6513745068403     
         383   18.4440353395405        66.9421090085154     
   20.5859848517148     
         384   35.9137782100818        67.1118606070052     
   21.1975184701790     
         385   42.9443689402661        67.3158238544232     
   16.7856140555822     
         386   44.3178749255243        60.6831719873153     
   16.6104295061549     
         387   39.6593399766756        65.3656314210942     
   20.4864869572422     
         388   40.3747644574615        61.8928461823633     
   18.7560394810255     
         389   35.6248928664369        71.2652310472733     
   22.5562886287882     
         390   31.5089059941517        76.4449962364441     
   13.2455842676386     
         391   32.0349052041133        73.1904767058651     
   20.3018603085228     
         392   45.0424096210861        57.3483314867497     
   16.9814786638352     
         393   49.2793862108850        52.3327291186895     
   18.4139078306999     
         394   48.8338781779111        55.8532719834059     
   19.4323882563149     
         395   50.8767587499090        61.5647614654703     
   16.2191519862812     
         396   53.6103153409966        63.6706098096914     
   15.2442234901204     
         397   52.7807417862325        66.7482940464121     
   14.3312878834741     
         398   49.3891036906725        67.8023123305678     
   14.4575019397414     
         399   46.5307011299569        65.8755446098718     
   15.3552072685021     
         400   47.1887826344289        62.7156779814948     
   16.4631727858057     
         401   3.78661357964821        43.2013359878187     
   21.9619051152006     
         402   7.39713109711332        42.1692670677469     
   20.8162404383710     
         403   10.3185286585391        45.0206243730873     
   25.2367570611015     
         404   2.08914779155647        46.8194870749373     
   19.5857605458419     
         405   3.54904378126693        49.8215030785619     
   15.8446438098207     
         406   6.72250714498925        50.8667912310228     
   15.9029213871558     
         407   9.88147450479630        49.1813147789534     
   22.7771617785984     
         408   17.7479269263441        47.8526828451373     
   17.1879451106370     
         409   16.0088722426142        44.7938909110981     
   12.0499683445019     
         410   21.0066697083851        46.7342166387724     
   15.4564978295031     
         411   3.79487684315566        64.3831101068285     
   12.9736647364870     
         412   4.03122229045613        61.3635922559357     
   15.4119458732867     
         413   72.9716207912074        70.1012119442297     
   21.4884366245435     
         414   68.7433290994357        70.3620736867892     
   20.4271311360426     
         415   67.0206086685469        67.3573108684385     
   18.2402288643513     
         416   74.9686729203836        66.4471046413706     
   23.7678098502105     
         417   68.7761979087397        63.6132808063317     
   17.6363522338186     
         418   72.4959704688046        62.9639363218233     
   23.1648994661449     
         419   63.7610853484669        67.3720840557106     
   13.4613851137959     
         420   61.2392478108686        69.5101328134931     
   13.2016636225052     
         421   62.3727753097286        64.5170534946396     
   10.9662898586860     
         422   58.4294128957191        67.8080949732417     
   11.3181720466942     
         423   59.2389412426186        64.9777826954988     
   10.7142850176846     
         424   63.4252479838773        62.1747827704313     
   10.3604707093693     
         425   66.4855054882668        58.4708813311729     
   10.8263837234379     
         426   66.5691472628078        61.2857832693960     
   13.0624226587960     
         427   58.2794382716506        59.7467771913053     
   16.7993818538120     
         428   55.7381081785004        57.0193322855702     
   20.2932254714336     
         429   56.8568369554121        53.8991919774293     
   16.1894143375654     
         430   60.4118076819917        52.7684482235657     
   14.9907987095419     
         431   62.8813601941112        54.3663103285418     
   14.8139303472190     
         432   63.1273133225082        57.3891615264298     
   10.4236884851075     
         433   61.4986459063510        59.5117999446929     
   11.9759067900643     
         434   68.3068952498999        56.1293683656437     
   15.2505418329230     
         435   66.1766366043984        53.1601792070800     
   14.2602128582358     
         436   67.1238292651074        50.3688059495720     
   14.6121661789316     
         437   32.4440171761280        92.3317034771619     
   12.2462780047492     
         438   35.6944958606021        93.5642704706021     
   12.4140023778812     
         439   56.4653311881157        77.6166301606771     
   14.4768718210319     
         440   53.7994263128846        79.7233162834338     
   13.8866207487252     
         441   59.0265286016341        79.6843598603082     
   12.4799949576118     
         442   57.8805163769638        82.9360459666870     
   12.6106616288115     
         443   54.8070961120260        83.0962301712452     
   12.5632749212205     
         444   47.9340454436876        16.4993239160859     
   19.9757531605814     
         445   49.5472558202084        23.0710415809853     
   22.2704977074213     
         446   50.7262679903869        19.2778153769803     
   18.7192420702883     
         447   54.7601909443153        18.3612483168225     
   20.3622964640545     
         448   43.5381983769477        42.2844778565443     
   14.8586416321260     
         449   37.1960590546122        42.3735756654878     
   21.4455085296344     
         450   40.3201110361755        40.2312716529059     
   19.5199140207610     
         451   16.9291435472065        39.2996458454000     
   12.3870683059897     
         452   20.7409024789291        43.0846230624202     
   11.9929785692141     
         453   18.0325273604775        42.2159012763010     
   9.88056748355120     
         454   43.0108638357649        33.1191041236929     
   10.9136573650885     
         455   39.9119521415504        34.4299861524718     
   13.7751034754679     
         456   43.9407680565294        36.0100147844358     
   9.19965097382337     
         457   40.8418563623148        37.3208968132147     
   11.9111103180818     
         458   33.5750969273999        41.6542626051448     
   23.2922626727739     
         459   22.0066137035016        60.8685407142278     
   18.7326879328550     
         460   24.2129932704015        48.2353598933683     
   22.6907327449061     
         461   28.1205719911349        53.9805444161291     
   19.1302143430340     
         462   24.7291165894164        52.6318150193828     
   28.2773694104740     
         463   27.1444203921705        45.2052135604292     
   20.8771846289567     
         464   30.7326744893261        45.5732498930698     
   20.8384145311136     
         465   55.5349021625196        34.3663665052804     
   16.9870158065149     
         466   58.8918717369359        36.4886220347255     
   19.9929619702034     
         467   62.0660304347341        34.7794644122121     
   18.9037746575247     
         468   69.1059460340203        14.2310168727207     
   21.2373585203073     
         469   70.1878582566384        18.2646632060210     
   20.0676754551292     
         470   67.4482696383874        20.1418994262065     
   17.8378510734383     
         471   65.1445617362605        12.5948039860677     
   21.3704005829339     
         472   62.0978754711830        15.0507719844792     
   21.4893861111094     
         473   63.3196711506916        18.5642210913177     
   18.5370490580818     
         474   69.8075514213349        25.3230192536629     
   11.0989041397646     
         475   67.9200834133317        22.9636597617134     
   9.85200823511354     
         476   91.9774890664980        44.9087587755393     
   10.0036038455920     
         477   93.1726409646046        47.3505099403751     
   9.44579271858752     
         478   91.7214409360888        49.4155296850828     
   7.54797013053766     
         479   82.5365024919368        39.0871754674119     
   15.5940851092610     
         480   78.8085542975145        39.5516890424767     
   14.1325585111639     
         481   87.7079820524884        41.6853791255197     
   13.0685647831035     
         482   89.0907432173569        44.6530494714078     
   9.74084685136164     
         483   83.1643208076278        44.5193182152525     
   11.3617895531290     
         484   84.5365923373569        41.5685860995126     
   16.4962260127119     
         485   88.1637731237830        51.9090776178267     
   10.0299115593336     
         486   89.1922235228874        49.3054908260613     
   8.64464671771697     
         487   85.0016450076647        46.9678235470740     
   10.5102868002924     
         488   87.7566777022624        46.9847617772219     
   10.6635870827043     
         489   83.8883351189507        55.2135690905298     
   17.4904452746638     
         490   83.4910347567167        49.5555793157820     
   11.5062057897840     
         491   85.2176170522098        52.1761043376954     
   14.1243585466320     
         492   70.8782213626505        45.7013074372489     
   19.3728159656691     
         493   73.2188989635925        43.0302033019358     
   24.1807290379517     
         494   71.0911627924566        49.2375924700397     
   18.9726861400289     
         495   77.1933271573723        43.0234694483914     
   22.2453727418829     
         496   79.5490038220657        45.5096879890666     
   16.9249102221467     
         497   79.7922144300249        48.8375411584044     
   17.5070255284381     
         498   18.1308016054040        57.2376289363302     
   10.1123324035468     
         499   18.7676497388913        54.1130330603605     
   12.0210482973791     
         500   21.9947429492885        54.8379703120091     
   13.6185329442898     
         501   21.3578948158013        57.9625661879788     
   11.7007531796140     
         502   8.84097789131635        56.4636565104950     
   12.8723830664781     
         503   12.0445737761411        55.4862195125430     
   12.6644410483204     
         504   8.45252324781111        68.0915313144443     
   12.0545245928568     
         505   11.7032222254759        67.3836336032829     
   14.4455004044295     
         506   6.96160640243170        65.5075364772117     
   7.99185784077791     
         507   16.1643097924890        58.6440227759963     
   11.4202718093000     
         508   15.9750674380286        61.9330799136797     
   11.4507731640800     
         509   13.5973464013820        57.8692902141090     
   9.08355286749676     
         510   37.7314961514355        59.4990563760454     
   17.9745180453034     
         511   45.5653800153632        72.3155469460011     
   13.8686011128258     
         512   42.6167482386294        70.8495814006996     
   18.7068841800794     
         513   39.0428339313939        73.0527594076390     
   21.5862421592798     
         514   46.7962851713836        90.7222492590581     
   20.9510545348211     
         515   43.0329303712285        92.3283327225478     
   21.7885731853113     
         516   49.0431209287830        12.9898542426742     
   18.3151129719305     
         517   47.7669597682685        6.77252289562550     
   15.5044516267808     
         518   46.3794090853576        9.80421560113556     
   20.9719452085777     
         519   51.6359578707615        6.72750198754445     
   15.0556328488660     
         520   43.3380813574869        45.5357089489502     
   14.7569538792332     
         521   46.3189479875944        47.1742858110456     
   15.3591590297714     
         522   46.0593964844010        50.5459252113524     
   15.8184236864654     
         523   19.0964991748415        36.5563987034968     
   18.6977514731691     
         524   19.8565752410787        29.6508564113801     
   21.5079299351785     
         525   17.6093516292287        32.7160322646730     
   25.6473250047348     
         526   23.8511973781807        29.7541135931277     
   17.5042375078698     
         527   22.8056863451681        41.0919840275843     
   12.6431008640779     
         528   26.0028806963932        41.7114312709974     
   14.2865079474071     
         529   22.2646668543514        37.4800150995619     
   14.8738730655819     
         530   30.1495845444064        31.3137979766299     
   19.4764598344018     
         531   33.2691153656163        34.2925130840908     
   25.6876529296574     
         532   31.8088134367244        38.2138849702211     
   25.2768049494001     
         533   27.8248513028731        38.6390899687144     
   15.0110032288057     
         534   26.1861564376504        32.4632771197569     
   21.2539903487956     
         535   25.3217251250089        35.8671972257110     
   17.0405619876656     
         536   25.3369707434450        62.1098677513979     
   23.3641315653300     
         537   28.8135712621671        67.6965267595146     
   19.1048548574760     
         538   25.3970546962427        66.2217285758936     
   18.5294735129511     
         539   32.4126809336849        65.4362416061881     
   20.7064000319912     
         540   31.1679510686610        51.9198492021344     
   14.1630528130977     
         541   32.3340701988196        48.7490859901088     
   17.9042350239426     
         542   33.6011063427259        54.3667582124024     
   11.5769673219752     
         543   55.7689995448728        30.9289340723360     
   17.9803768793486     
         544   52.1634777174871        29.0945771259802     
   21.2971242979076     
         545   52.6073132840553        25.4706227952989     
   21.5298330439803     
         546   65.2190071807090        24.6670013069539     
   10.3322042028391     
         547   66.1823297391019        29.5742744005933     
   17.6634697630907     
         548   67.1064751887118        27.0263607989035     
   11.8620397679596     
         549   62.3835594855086        30.8489685465941     
   15.5708648240777     
         550   59.4434981700637        29.1206937361631     
   19.1988167354236     
         551   74.2140840415033        59.1945568820100     
   22.8528648591094     
         552   77.7047580679796        51.6592190642249     
   24.2227256919511     
         553   78.4206973167841        58.8496571541262     
   21.4506561691813     
         554   80.0742964614129        55.4147219744371     
   19.7894132002799     
         555   71.8629858141993        55.9747874193185     
   21.4043461740626     
         556   73.7000606960471        51.8743847812226     
   24.8512076529370     
         557   8.67099294801720        63.6783481736080     
   7.64955172905110     
         558   7.46730374409268        61.1509500207328     
   10.5036378761020     
         559   9.10359598123057        59.3723927894977     
   10.0506291519666     
         560   11.8667916148423        60.0370567593499     
   6.90875422887973     
         561   11.5802048986284        64.3204324924200     
   10.6328799429111     
         562   13.1397113283156        62.4576983093969     
   10.1558386479520     
         563   45.7987769064693        75.8310106097748     
   16.1998751749760     
         564   50.5813098403272        79.3521790249326     
   19.2324406382600     
         565   49.3839644670897        76.2886636324780     
   17.3155999097216     
         566   49.8922247190678        85.5334035040598     
   13.4768423373611     
         567   47.1982742100960        87.3788893427020     
   14.3250722970305     
         568   48.6109050327521        82.2501185027468     
   11.9308052290662     
         569   37.5250339970406        91.2299627499448     
   11.2121261286715     
         570   40.4462391288825        90.2454462793803     
   15.1877310777716     
         571   39.2403508714056        77.4262566162802     
   26.1707173148223     
         572   40.6573341328383        86.2475001908097     
   16.2677221803133     
         573   43.0476620697470        78.7385422731148     
   22.3384304945562     
         574   57.3091687224900        9.79294049304343     
   16.6608424823975     
         575   53.6804841730500        9.26920713508467     
   15.5146681479916     
         576   52.4751979139824        12.4998666847044     
   14.3781761696678     
         577   58.5160616061042        13.5728497035306     
   16.5427942301829     
         578   55.4000453828152        15.0927692979583     
   16.6978889152099     
         579   38.8914909307092        56.1420365114558     
   14.7936977519667     
         580   36.5142830983331        53.7189696003303     
   13.4017817668225     
         581   42.2592939322970        55.2009858172082     
   16.0769621607695     
         582   42.8307727626378        51.9191224065272     
   14.4958590997051     
         583   32.6192368039505        57.0234227380904     
   9.77058699305340     
         584   34.3724187802842        59.7326539906078     
   13.9720791088987     
         585   32.1139566675060        62.1406683315219     
   16.0580117507464     
         586   29.1527095384530        57.2718991439598     
   13.0833910537431     
         587   28.4547630431905        60.2890926603528     
   16.8325940096211     
         588   37.6907948080409        45.9793465982820     
   12.0105131800265     
         589   35.6712283903221        48.4358696349780     
   11.6105999844554     
         590   37.4182860157708        50.9588442349316     
   10.8638580602930     
         591   40.6147297701433        47.0882736781060     
   11.3146530224313     
         592   40.3669726784877        50.1000477353762     
   10.8155525899036     
         593   61.0373221407535        20.7837519231657     
   15.5295348120343     
         594   62.4648443958265        24.0647718032951     
   13.7817562322069     
         595   59.5653461456294        25.9366402262231     
   15.1895836618495     
         596   57.3085485770881        20.8047779572435     
   16.2683850037764     
         597   56.3346830870069        24.1209262317149     
   14.5513652758655     
         598   35.9179261524802        88.6065995698131     
   9.08492878640999     
         599   31.2669195627774        86.9184245541069     
   15.2035269138382     
         600   32.9547544913043        89.2854958890148     
   12.8648198418080     
         601   37.5846215833341        85.6206135314910     
   13.9884930826988     
         602   31.5261818521447        81.4596190680950     
   9.48543748703389     
         603   33.3443411230682        78.6369963316152     
   11.2917910362739     
         604   36.4127858972282        79.6995883591804     
   17.5864223386166     
         605   36.1309541371694        83.2778793006850     
   14.1713930674898     
         606   32.7764237777885        83.8967940040985     
   10.8195162564353     
         607   46.1507684979618        82.5680174625035     
   7.39599181347003     
         608   43.6604902441578        81.7420081597644     
   10.8129790469625     
         609   45.1343380890661        85.4609094064920     
   7.25807155754583     
         610   42.6440598352617        84.6349001037528     
   10.7295485062722     
