           1                     1                     1                     6
           2                     2                     2                     8
           3                     3                     3                    10
           4                     4                     4                    12
           5                     5                     6                    17
           6                     1                     5                    14
           7                     7                     8                    26
           8                     2                     7                    22
           9                     9                    10                    32
          10                     3                     9                    29
          11                    11                   143                    12
          12                     4                    11                   156
          13                    13                    46                    14
          14                     6                    13                    36
          15                    15                    19                    98
          16                    16                    17                    19
          17                     5                    16                    38
          18                    40                    19                    37
          19                    15                    16                    18
          20                    20                   169                    45
          21                    21                   177                    22
          22                     8                    21                    53
          23                    23                    27                    57
          24                    24                    61                   174
          25                    25                    26                    27
          26                     7                    25                    55
          27                    23                    25                    62
          28                    28                    74                    29
          29                    10                    28                    64
          30                    30                    34                   118
          31                    31                    32                    34
          32                     9                    31                    66
          33                    68                    34                    65
          34                    30                    31                    33
          35                    35                   185                    73
          36                    14                    48                    38
          37                    18                    38                    39
          38                    17                    36                    37
          39                    37                    41                    47
          40                    18                    43                    99
          41                    39                   104                    43
          42                    90                    43                    91
          43                    40                    41                    42
          44                    44                    45                    46
          45                    20                    44                    47
          46                    13                    44                    48
          47                    39                    45                    48
          48                    36                    46                    47
          49                    49                    95                   190
          50                    50                    96                    93
          51                    51                   234                   102
          52                    52                   100                   172
          53                    22                   178                    55
          54                    63                    55                   108
          55                    26                    53                    54
          56                    56                    57                    59
          57                    23                    56                   215
          58                    58                    59                   312
          59                    56                    58                   216
          60                    60                   254                    61
          61                    24                    60                   217
          62                    27                    63                   251
          63                    54                    62                   213
          64                    29                    76                    66
          65                    33                    66                    67
          66                    32                    64                    65
          67                    65                    69                    75
          68                    33                    71                   119
          69                    67                   124                    71
          70                   109                    71                   110
          71                    68                    69                    70
          72                    72                    73                    74
          73                    35                    72                    75
          74                    28                    72                    76
          75                    67                    73                    76
          76                    64                    74                    75
          77                    77                   115                   401
          78                    78                   116                   113
          79                    79                   120                   188
          80                    80                   193                   132
          81                    81                   142                   199
          82                    82                   134                   140
          83                    83                    88                   145
          84                    86                   218                   157
          85                    85                   130                    88
          86                    84                    87                   129
          87                    86                   160                    88
          88                    83                    85                    87
          89                    89                   154                   137
          90                    42                   295                   167
          91                    42                   105                   225
          92                   164                   363                    93
          93                    50                    92                    94
          94                    94                    93                    95
          95                    49                    94                   362
          96                    50                    97                   166
          97                    97                    96                    98
          98                    15                    97                    99
          99                    40                    98                   168
         100                    52                   101                   103
         101                   101                   100                   102
         102                    51                   101                   203
         103                   100                   106                   202
         104                    41                   170                   105
         105                    91                   104                   107
         106                   103                   107                   173
         107                   105                   106                   204
         108                    54                   179                   214
         109                    70                   227                   183
         110                    70                   125                   228
         111                   260                   115                   112
         112                   111                   180                   113
         113                    78                   112                   114
         114                   114                   113                   115
         115                    77                   111                   114
         116                    78                   117                   182
         117                   117                   116                   118
         118                    30                   117                   119
         119                    68                   118                   184
         120                    79                   121                   123
         121                   121                   120                   122
         122                   121                   198                   208
         123                   120                   126                   207
         124                    69                   186                   125
         125                   110                   124                   127
         126                   123                   127                   189
         127                   125                   126                   210
         128                   219                   129                   132
         129                    86                   128                   130
         130                    85                   129                   131
         131                   131                   130                   132
         132                    80                   128                   131
         133                   133                   201                   196
         134                    82                   136                   150
         135                   287                   151                   137
         136                   136                   134                   137
         137                    89                   135                   136
         138                   349                   142                   139
         139                   138                   148                   140
         140                    82                   139                   141
         141                   141                   140                   142
         142                    81                   138                   141
         143                    11                   144                   223
         144                   144                   143                   145
         145                    83                   144                   163
         146                   222                   153                   158
         147                   284                   159                   152
         148                   139                   150                   149
         149                   148                   468                   153
         150                   134                   148                   151
         151                   135                   150                   152
         152                   147                   151                   153
         153                   146                   149                   152
         154                    89                   155                   288
         155                   155                   154                   156
         156                    12                   155                   224
         157                    84                   273                   161
         158                   146                   159                   272
         159                   147                   158                   162
         160                    87                   161                   163
         161                   157                   160                   162
         162                   159                   161                   283
         163                   145                   160                   285
         164                    92                   166                   165
         165                   164                   244                   167
         166                    96                   164                   168
         167                    90                   165                   168
         168                    99                   166                   167
         169                    20                   171                   170
         170                   104                   169                   173
         171                   171                   169                   172
         172                    52                   171                   173
         173                   106                   170                   172
         174                    24                   175                   176
         175                   174                   247                   179
         176                   176                   174                   177
         177                    21                   176                   178
         178                    53                   177                   179
         179                   108                   175                   178
         180                   112                   182                   181
         181                   180                   261                   183
         182                   116                   180                   184
         183                   109                   181                   184
         184                   119                   182                   183
         185                    35                   187                   186
         186                   124                   185                   189
         187                   187                   185                   188
         188                    79                   187                   189
         189                   126                   186                   188
         190                    49                   364                   191
         191                   191                   190                   192
         192                   191                   195                   366
         193                    80                   194                   278
         194                   194                   193                   195
         195                   192                   194                   477
         196                   133                   517                   197
         197                   197                   196                   198
         198                   122                   197                   209
         199                    81                   350                   200
         200                   200                   199                   201
         201                   133                   200                   519
         202                   103                   203                   205
         203                   102                   202                   236
         204                   107                   205                   290
         205                   202                   204                   206
         206                   205                   233                   226
         207                   123                   208                   211
         208                   122                   207                   209
         209                   198                   208                   239
         210                   127                   211                   229
         211                   207                   210                   212
         212                   211                   238                   240
         213                    63                   214                   250
         214                   108                   213                   245
         215                    57                   252                   216
         216                    59                   215                   437
         217                    61                   255                   248
         218                    84                   221                   271
         219                   128                   279                   221
         220                   269                   221                   479
         221                   218                   219                   220
         222                   146                   277                   469
         223                   143                   286                   224
         224                   156                   223                   289
         225                    91                   291                   296
         226                   206                   303                   293
         227                   109                   231                   524
         228                   110                   229                   231
         229                   210                   228                   323
         230                   526                   231                   326
         231                   227                   228                   230
         232                   232                   314                   311
         233                   206                   237                   442
         234                    51                   309                   236
         235                   315                   237                   308
         236                   203                   234                   237
         237                   233                   235                   236
         238                   212                   239                   316
         239                   209                   238                   518
         240                   212                   320                   324
         241                   280                   337                   345
         242                   317                   346                   454
         243                   304                   354                   351
         244                   165                   300                   361
         245                   214                   247                   259
         246                   381                   257                   248
         247                   175                   245                   248
         248                   217                   246                   247
         249                   258                   373                   250
         250                   213                   249                   251
         251                    62                   250                   252
         252                   215                   251                   372
         253                   253                   411                   254
         254                    60                   253                   255
         255                   217                   254                   504
         256                   378                   376                   257
         257                   246                   256                   259
         258                   249                   259                   375
         259                   245                   257                   258
         260                   111                   263                   402
         261                   181                   525                   263
         262                   265                   263                   451
         263                   260                   261                   262
         264                   264                   405                   267
         265                   262                   409                   403
         266                   266                   267                   412
         267                   264                   266                   268
         268                   267                   406                   502
         269                   220                   282                   274
         270                   344                   275                   281
         271                   218                   274                   273
         272                   158                   273                   277
         273                   157                   271                   272
         274                   269                   271                   275
         275                   270                   274                   276
         276                   275                   474                   277
         277                   222                   272                   276
         278                   193                   476                   279
         279                   219                   278                   481
         280                   241                   281                   493
         281                   270                   280                   282
         282                   269                   281                   480
         283                   162                   284                   285
         284                   147                   283                   287
         285                   163                   283                   286
         286                   223                   285                   289
         287                   135                   284                   288
         288                   154                   287                   289
         289                   224                   286                   288
         290                   204                   293                   291
         291                   225                   290                   292
         292                   291                   297                   294
         293                   226                   290                   294
         294                   292                   293                   302
         295                    90                   296                   301
         296                   225                   295                   298
         297                   292                   413                   298
         298                   296                   297                   301
         299                   368                   300                   416
         300                   244                   299                   301
         301                   295                   298                   300
         302                   294                   306                   414
         303                   226                   441                   306
         304                   243                   305                   439
         305                   304                   420                   306
         306                   302                   303                   305
         307                   514                   308                   311
         308                   235                   307                   309
         309                   234                   308                   310
         310                   310                   309                   311
         311                   232                   307                   310
         312                    58                   438                   313
         313                   313                   312                   314
         314                   232                   313                   515
         315                   235                   566                   443
         316                   238                   444                   321
         317                   242                   318                   319
         318                   317                   322                   320
         319                   317                   445                   321
         320                   240                   318                   321
         321                   316                   319                   320
         322                   318                   335                   325
         323                   229                   324                   326
         324                   240                   323                   325
         325                   322                   324                   327
         326                   230                   323                   327
         327                   325                   326                   530
         328                   333                   521                   331
         329                   342                   331                   347
         330                   456                   348                   332
         331                   328                   329                   332
         332                   330                   331                   448
         333                   328                   341                   356
         334                   358                   357                   340
         335                   322                   455                   531
         336                   339                   337                   359
         337                   241                   336                   338
         338                   337                   492                   360
         339                   336                   340                   343
         340                   334                   339                   341
         341                   333                   340                   342
         342                   329                   341                   343
         343                   339                   342                   466
         344                   270                   345                   547
         345                   241                   344                   467
         346                   242                   544                   348
         347                   329                   348                   465
         348                   330                   346                   347
         349                   138                   471                   350
         350                   199                   349                   574
         351                   243                   397                   422
         352                   427                   423                   396
         353                   398                   354                   511
         354                   243                   353                   565
         355                   395                   394                   428
         356                   333                   357                   393
         357                   334                   356                   429
         358                   334                   359                   430
         359                   336                   358                   360
         360                   338                   359                   436
         361                   244                   370                   363
         362                    95                   363                   364
         363                    92                   361                   362
         364                   190                   362                   365
         365                   364                   367                   369
         366                   192                   367                   478
         367                   365                   366                   485
         368                   299                   553                   370
         369                   365                   370                   489
         370                   361                   368                   369
         371                   374                   602                   373
         372                   252                   373                   599
         373                   249                   371                   372
         374                   371                   375                   390
         375                   258                   374                   376
         376                   256                   375                   377
         377                   376                   537                   391
         378                   256                   383                   538
         379                   407                   380                   503
         380                   379                   408                   499
         381                   246                   505                   383
         382                   459                   383                   508
         383                   378                   381                   382
         384                   389                   539                   387
         385                   512                   387                   399
         386                   392                   400                   388
         387                   384                   385                   388
         388                   386                   387                   510
         389                   384                   513                   391
         390                   374                   391                   603
         391                   377                   389                   390
         392                   386                   581                   394
         393                   356                   394                   522
         394                   355                   392                   393
         395                   355                   396                   400
         396                   352                   395                   397
         397                   351                   396                   398
         398                   353                   397                   399
         399                   385                   398                   400
         400                   386                   395                   399
         401                    77                   402                   404
         402                   260                   401                   403
         403                   265                   402                   407
         404                   404                   401                   405
         405                   264                   404                   406
         406                   268                   405                   407
         407                   379                   403                   406
         408                   380                   409                   410
         409                   265                   408                   453
         410                   408                   460                   452
         411                   253                   412                   506
         412                   266                   411                   558
         413                   297                   414                   416
         414                   302                   413                   415
         415                   414                   419                   417
         416                   299                   413                   418
         417                   415                   426                   418
         418                   416                   417                   551
         419                   415                   420                   421
         420                   305                   419                   422
         421                   419                   424                   423
         422                   351                   420                   423
         423                   352                   421                   422
         424                   421                   433                   426
         425                   434                   426                   432
         426                   417                   424                   425
         427                   352                   428                   433
         428                   355                   427                   429
         429                   357                   428                   430
         430                   358                   429                   431
         431                   430                   435                   432
         432                   425                   431                   433
         433                   424                   427                   432
         434                   425                   435                   555
         435                   431                   434                   436
         436                   360                   435                   494
         437                   216                   600                   438
         438                   312                   437                   569
         439                   304                   441                   440
         440                   439                   564                   443
         441                   303                   439                   442
         442                   233                   441                   443
         443                   315                   440                   442
         444                   316                   516                   446
         445                   319                   446                   545
         446                   444                   445                   447
         447                   446                   578                   596
         448                   332                   520                   450
         449                   458                   450                   588
         450                   448                   449                   457
         451                   262                   523                   453
         452                   410                   453                   527
         453                   409                   451                   452
         454                   242                   456                   455
         455                   335                   454                   457
         456                   330                   454                   457
         457                   450                   455                   456
         458                   449                   464                   532
         459                   382                   501                   536
         460                   410                   463                   462
         461                   586                   462                   540
         462                   460                   461                   500
         463                   460                   528                   464
         464                   458                   463                   541
         465                   347                   543                   466
         466                   343                   465                   467
         467                   345                   466                   549
         468                   149                   469                   471
         469                   222                   468                   470
         470                   469                   475                   473
         471                   349                   468                   472
         472                   471                   577                   473
         473                   470                   472                   593
         474                   276                   548                   475
         475                   470                   474                   546
         476                   278                   477                   482
         477                   195                   476                   478
         478                   366                   477                   486
         479                   220                   484                   480
         480                   282                   479                   495
         481                   279                   482                   484
         482                   476                   481                   488
         483                   496                   484                   487
         484                   479                   481                   483
         485                   367                   491                   486
         486                   478                   485                   488
         487                   483                   488                   490
         488                   482                   486                   487
         489                   369                   554                   491
         490                   487                   491                   497
         491                   485                   489                   490
         492                   338                   493                   494
         493                   280                   492                   495
         494                   436                   492                   556
         495                   480                   493                   496
         496                   483                   495                   497
         497                   490                   496                   552
         498                   507                   499                   501
         499                   380                   498                   500
         500                   462                   499                   501
         501                   459                   498                   500
         502                   268                   503                   559
         503                   379                   502                   509
         504                   255                   506                   505
         505                   381                   504                   561
         506                   411                   504                   557
         507                   498                   508                   509
         508                   382                   507                   562
         509                   503                   507                   560
         510                   388                   584                   579
         511                   353                   563                   512
         512                   385                   511                   513
         513                   389                   512                   571
         514                   307                   515                   567
         515                   314                   514                   570
         516                   444                   518                   576
         517                   196                   519                   518
         518                   239                   516                   517
         519                   201                   517                   575
         520                   448                   521                   591
         521                   328                   520                   522
         522                   393                   521                   582
         523                   451                   525                   529
         524                   227                   526                   525
         525                   261                   523                   524
         526                   230                   524                   534
         527                   452                   529                   528
         528                   463                   527                   533
         529                   523                   527                   535
         530                   327                   531                   534
         531                   335                   530                   532
         532                   458                   531                   533
         533                   528                   532                   535
         534                   526                   530                   535
         535                   529                   533                   534
         536                   459                   587                   538
         537                   377                   538                   539
         538                   378                   536                   537
         539                   384                   537                   585
         540                   461                   541                   542
         541                   464                   540                   589
         542                   540                   583                   580
         543                   465                   544                   550
         544                   346                   543                   545
         545                   445                   544                   597
         546                   475                   548                   594
         547                   344                   549                   548
         548                   474                   546                   547
         549                   467                   547                   550
         550                   543                   549                   595
         551                   418                   555                   553
         552                   497                   554                   556
         553                   368                   551                   554
         554                   489                   552                   553
         555                   434                   551                   556
         556                   494                   552                   555
         557                   506                   558                   561
         558                   412                   557                   559
         559                   502                   558                   560
         560                   509                   559                   562
         561                   505                   557                   562
         562                   508                   560                   561
         563                   511                   565                   573
         564                   440                   568                   565
         565                   354                   563                   564
         566                   315                   567                   568
         567                   514                   566                   609
         568                   564                   566                   607
         569                   438                   598                   570
         570                   515                   569                   572
         571                   513                   573                   604
         572                   570                   601                   610
         573                   563                   571                   608
         574                   350                   577                   575
         575                   519                   574                   576
         576                   516                   575                   578
         577                   472                   574                   578
         578                   447                   576                   577
         579                   510                   580                   581
         580                   542                   579                   590
         581                   392                   579                   582
         582                   522                   581                   592
         583                   542                   584                   586
         584                   510                   583                   585
         585                   539                   584                   587
         586                   461                   583                   587
         587                   536                   585                   586
         588                   449                   591                   589
         589                   541                   588                   590
         590                   580                   589                   592
         591                   520                   588                   592
         592                   582                   590                   591
         593                   473                   594                   596
         594                   546                   593                   595
         595                   550                   594                   597
         596                   447                   593                   597
         597                   545                   595                   596
         598                   569                   600                   601
         599                   372                   606                   600
         600                   437                   598                   599
         601                   572                   598                   605
         602                   371                   603                   606
         603                   390                   602                   604
         604                   571                   603                   605
         605                   601                   604                   606
         606                   599                   602                   605
         607                   568                   609                   608
         608                   573                   607                   610
         609                   567                   607                   610
         610                   572                   608                   609
