           1   100.000000000000        96.0937500000000     
           2   100.000000000000        100.000000000000     
           3   95.4882812500000        100.000000000000     
           4   5.80307617187501        100.000000000000     
           5  0.000000000000000E+000   100.000000000000     
           6  0.000000000000000E+000   93.7500000000000     
           7  0.000000000000000E+000   3.90625000000000     
           8  0.000000000000000E+000  0.000000000000000E+000
           9   4.51171875000000       0.000000000000000E+000
          10   100.000000000000       0.000000000000000E+000
          11   100.000000000000        6.25000000000000     
          12   94.1969238281250       0.000000000000000E+000
          13   100.000000000000        91.3085937500000     
          14   95.6100799547130        94.1009389740468     
          15   11.7737487792969        100.000000000000     
          16   7.91458703774173        94.2718772776968     
          17  0.000000000000000E+000   8.69140625000000     
          18   4.38992004528697        5.89906102595314     
          19   100.000000000000        12.5000000000000     
          20   95.0446760132034        8.21575299842513     
          21   90.4364746093750        100.000000000000     
          22   92.1493987202541        96.6228132935695     
          23   100.000000000000        81.2500000000000     
          24   100.000000000000        86.2792968750000     
          25   94.5647379376018        83.0859447008089     
          26   95.0384971611166        88.9643798584474     
          27   89.2086453991897        86.9243411878235     
          28   85.3846679687500        100.000000000000     
          29   79.5964355468750        100.000000000000     
          30   83.7357053943546        93.3957383333991     
          31  0.000000000000000E+000   87.5000000000000     
          32   4.68541709162634        89.6291355449227     
          33   23.8082031250000        100.000000000000     
          34   17.7909759521484        100.000000000000     
          35   22.4665624541284        93.6497470628515     
          36  0.000000000000000E+000   81.2500000000000     
          37  0.000000000000000E+000   75.0000000000000     
          38   6.79926319671116        77.7126175487073     
          39   14.9436282211627        93.3485005425857     
          40   9.56352539062500       0.000000000000000E+000
          41   7.85060127974593        3.37718670643048     
          42  0.000000000000000E+000   18.7500000000000     
          43  0.000000000000000E+000   13.7207031250000     
          44   5.44588343791153        16.9210714187767     
          45   4.96593313382249        11.0375172538049     
          46   10.8117452898705        13.0819224783572     
          47   14.6153320312500       0.000000000000000E+000
          48   20.4035644531250       0.000000000000000E+000
          49   16.2747516684510        6.59512997565705     
          50   90.6979412458442        92.7301356156652     
          51   88.1066790769040        79.4090010486056     
          52   82.2137931171616        85.2597171241659     
          53   80.8121431266714        78.4087036212101     
          54   88.4651063155009        96.5514182639525     
          55   100.000000000000        56.2500000000000     
          56   100.000000000000        62.5000000000000     
          57   95.7261932447654        60.4404045919944     
          58   100.000000000000        68.7500000000000     
          59   100.000000000000        75.0000000000000     
          60   95.0132674944892        71.2480963757679     
          61   61.3082031250000        100.000000000000     
          62   55.0582031250000        100.000000000000     
          63   60.0051031685148        95.1657655940303     
          64   73.8082031250000        100.000000000000     
          65   67.5582031250000        100.000000000000     
          66   71.7030277633742        94.8754092513946     
          67   10.0326125184758        88.5990494775866     
          68   15.1621237786685        87.4685752727779     
          69   30.0582031250000        100.000000000000     
          70   27.6513431201276        95.9115741419392     
          71   36.3082031250000        100.000000000000     
          72   32.9144059680269        95.4219193368809     
          73  0.000000000000000E+000   68.7500000000000     
          74   4.54955413870901        72.1294652759750     
          75   19.2889917491516        88.8168388955149     
          76   9.30709847512794        7.26972568254750     
          77   11.8951131084454        20.7121926381526     
          78   17.8545682010665        14.6457163800151     
          79   19.6787664744583        21.5866308707176     
          80   11.5374764817954        3.44703667059230     
          81  0.000000000000000E+000   43.7500000000000     
          82  0.000000000000000E+000   37.5000000000000     
          83   5.09239736427520        39.1455467386443     
          84  0.000000000000000E+000   31.2500000000000     
          85  0.000000000000000E+000   25.0000000000000     
          86   4.64386376627829        28.9818570594994     
          87   26.1917968750000       0.000000000000000E+000
          88   32.4417968750000       0.000000000000000E+000
          89   28.2773104431250        5.12700200948197     
          90   100.000000000000        37.5000000000000     
          91   100.000000000000        43.7500000000000     
          92   93.9062719451567        38.5905324312179     
          93   57.4417968750000       0.000000000000000E+000
          94   63.6917968750000       0.000000000000000E+000
          95   62.2060558089513        5.36635889064807     
          96   69.9417968750000       0.000000000000000E+000
          97   76.1917968750000       0.000000000000000E+000
          98   72.3883379279008        5.20335879287754     
          99   100.000000000000        18.7500000000000     
         100   100.000000000000        25.0000000000000     
         101   94.6468591414687        21.5392197656820     
         102   89.5293550394702        24.7370734208825     
         103   89.6579570277005        31.5376301201022     
         104   84.8807848477141        27.4298687282190     
         105   100.000000000000        31.2500000000000     
         106   94.8606358192291        27.8033131686045     
         107   82.2090240478516       0.000000000000000E+000
         108   88.2262512207031       0.000000000000000E+000
         109   84.7137985860786        5.87549810186331     
         110   84.1885227861685        72.5519115081203     
         111   74.6559537891729        83.0592320139144     
         112   89.6892163906894        68.1628193405789     
         113   95.0086134861284        65.4968049398654     
         114   94.7027429426140        77.1354773426889     
         115   65.3243769979018        94.6485536014929     
         116   69.4990757178714        89.1093914467035     
         117   76.5450408907994        90.2039152987481     
         118   11.9512227653320        82.9104160658068     
         119   15.4661127653043        28.4445504338028     
         120   25.1375285248271        16.2081085335492     
         121   9.18290940514459        33.2826255014269     
         122   3.82082649894323        34.0060474799880     
         123   5.21694387306692        22.9620931996527     
         124   34.5261255187003        5.45433442118822     
         125   38.6917968750000       0.000000000000000E+000
         126   38.9198432423422        5.65412368996845     
         127   30.4878448314411        10.9285235568374     
         128   23.4311011076093        9.66620706623135     
         129   95.6491438028654        33.2790820146705     
         130   44.9417968750000       0.000000000000000E+000
         131   51.1917968750000       0.000000000000000E+000
         132   49.3520728885321        4.41055724971899     
         133   78.5963920008133        5.55453754786193     
         134   81.5534165765527        11.3015078683088     
         135   68.1155696857791        10.0772880968345     
         136   67.2644016547644        4.18460974160516     
         137   94.1494750330803        14.6067499234456     
         138   77.4331103319776        20.7589123215844     
         139   72.9711750256476        16.1463229861423     
         140   79.1896932604317        16.2258146923944     
         141   84.4463723816216        16.1968101545396     
         142   75.3899155768289        10.7737613277617     
         143   90.3289880042212        6.10043371416299     
         144   83.4079032587298        21.5918096756185     
         145   89.0804657931816        18.5190429023761     
         146   90.3627569971690        73.6190150031481     
         147   77.1198423678091        95.6750656271262     
         148   5.57674601873167        84.5422386418601     
         149   9.28426334332347        26.9129497151580     
         150   22.8744908562864        4.29947488416238     
         151   93.8863855868297        55.0896078148641     
         152   100.000000000000        50.0000000000000     
         153   94.0803807333670        49.8338813439853     
         154   94.9024560177975        45.1456688857412     
         155   43.7478379322252        6.24052718485049     
         156   55.3548322397043        6.10546446060732     
         157   62.1559376602433        89.0035404330518     
         158   67.2116510311615        83.3302477952807     
         159   60.9668678837972        82.1469464207929     
         160   38.0677838237091        11.0737754642611     
         161   32.7785878790842        18.1810773800420     
         162   40.4381830619414        18.3803229349109     
         163   19.0915569783015        82.6655586394721     
         164   29.5165053938150        90.4556851325154     
         165   10.6772963414521        71.0516766269808     
         166   82.6873213579383        32.2850881327117     
         167   86.3868026480441        38.1689685537346     
         168   80.2419489341137        36.9343090770439     
         169   71.3613063536340        22.1782270967353     
         170   91.8941736297943        10.2837072442950     
         171   75.6173472849117        76.2524607352511     
         172   65.6228580459580        77.5611472553794     
         173   22.0938530357061        26.9997055488340     
         174   26.4647431229457        22.6572434804354     
         175   27.4499791766103        28.7543219790457     
         176   48.8082031250000        100.000000000000     
         177   42.5582031250000        100.000000000000     
         178   46.1660941043801        94.6676555044111     
         179   56.3062850406657        86.0624989853338     
         180   56.0192801300084        92.5169245904822     
         181   50.5580058477028        89.3351357223675     
         182   45.1894208397993        13.5056353662491     
         183   37.0700866781872        24.2159173858467     
         184   69.5843154091623        35.7653708054806     
         185   69.0574713123127        42.1784503320899     
         186   62.3054905034417        39.0797393293111     
         187   40.9800239685385        30.3486850135182     
         188   48.2019369519656        27.1771217214817     
         189   46.1053067228833        33.7578212150914     
         190   58.0247599906537        70.8087935454097     
         191   53.2832756432419        75.9437573218997     
         192   52.0857827484375        69.7498287770494     
         193   83.3078667165795        65.4798447821248     
         194   14.8116376969394        76.8249164003498     
         195   18.3755842927381        70.8165633319978     
         196   25.8127843587532        80.3058845808007     
         197   24.3624510951548        86.6160714075134     
         198  0.000000000000000E+000   62.5000000000000     
         199   5.18008472415316        67.3496382052024     
         200   25.3614402101137        69.8691678871013     
         201   21.9817371597071        75.8126602977368     
         202   10.8315525523954        40.6537932397845     
         203   15.3521822001562        36.1952331087127     
         204   15.5076930393207        41.7380546772131     
         205  0.000000000000000E+000   56.2500000000000     
         206  0.000000000000000E+000   50.0000000000000     
         207   4.37968796913139        52.7560480108736     
         208   13.8565900485525        47.6996186546655     
         209   5.88912106605458        58.2910846525243     
         210   9.52039009116694        53.1358644573828     
         211   76.1135365592894        33.3287274759080     
         212   70.4148131949027        28.8561101225472     
         213   78.1118279213712        26.6472096206814     
         214   90.4949250390474        42.5086278494788     
         215   75.2029580647769        39.5625092789290     
         216   88.0290588117742        11.8807008016171     
         217   70.7669825765357        78.7491112175719     
         218   70.7584338961151        73.4089357271148     
         219   79.4776305343511        74.2005452754484     
         220   77.3031502228817        70.1003631677183     
         221   76.7495902836435        62.4466138185369     
         222   64.6182751475664        70.8829483953963     
         223   59.7443217146764        76.3074406661988     
         224   51.3992670776706        95.3309156366655     
         225   39.2679414472371        94.1533861128362     
         226   51.7466070889835        82.6274990344687     
         227   46.8737420287621        20.1948932725423     
         228   42.6839906460781        24.0951963115729     
         229   33.9000442424937        30.0598758221225     
         230   31.5476135758021        24.7089118230223     
         231   52.2522344707568        43.1309921814083     
         232   49.3246247277772        48.8976612478285     
         233   46.4628336625567        43.8500859123438     
         234   55.3516222732429        37.7059342143163     
         235   49.3478658104070        38.2958292122896     
         236   43.7697366308319        39.0214169957471     
         237   54.8506141749648        47.6101507134073     
         238   59.8428714103439        45.8824308473855     
         239   57.9306897434653        51.1563551424647     
         240   36.8085716402399        37.6904673014283     
         241   64.4589451005395        45.0411870194986     
         242   68.1809252619507        47.5758216848685     
         243   56.9480551941798        42.5943594254185     
         244   64.8740983666376        32.5784613467759     
         245   52.2345817801931        32.7129727409757     
         246   61.0870221323684        11.2376843261833     
         247   56.1887704021183        65.7768348746410     
         248   54.5745034127302        60.5167760668873     
         249   60.4533450313519        62.3178567121820     
         250   46.0138561154387        68.9388897271083     
         251   48.1545709692709        73.4369528571049     
         252   47.9881006288552        59.4592898419777     
         253   52.8293547519015        54.1355219949760     
         254   63.4942669316398        50.7432907333852     
         255   89.6391548131364        61.2175012255711     
         256   87.4497349453358        54.8827399666946     
         257   90.5488559322494        51.3407281198643     
         258   82.5048826939869        58.6161590254248     
         259   30.6958921366242        78.9717717644304     
         260   29.8376353809615        84.0162919573649     
         261   28.5387126520985        74.8147931969757     
         262   32.2738897665092        69.2082131726933     
         263   22.0243400687360        64.7838186218299     
         264   15.4999087205288        55.3587736586687     
         265   20.7248570905105        50.9144304793306     
         266   14.9321816571475        65.2259450717187     
         267   18.8143126900485        60.2882181072393     
         268   39.3086756390692        69.0390562212006     
         269   36.1587692246670        63.0883124271216     
         270   43.5105750662905        63.9695256149607     
         271   41.4549490814268        58.6207005050074     
         272   35.2921131937323        75.5484237479262     
         273   45.6841791529764        53.9650041132640     
         274   50.0676722081414        64.7182184875460     
         275   6.26744337466941        46.7084612248119     
         276   18.6623336399693        44.9439994014159     
         277   23.6328183946756        44.3442200355707     
         278   6.20454580531382        63.2996921152832     
         279   70.8532782546255        66.7943369378566     
         280   65.5902726034487        64.3946472720623     
         281   69.8850428681443        59.6508582090763     
         282   61.0747082943853        66.8386564996738     
         283   64.2321263168312        59.8118443270495     
         284   65.3393472798242        55.9499414573927     
         285   59.8104663708696        56.4056987948472     
         286   69.6962956017315        52.7873054304624     
         287   34.9011401665421        91.1175059620894     
         288   56.3683962064285        80.5986924939332     
         289   51.7389734625014        15.7974431094664     
         290   53.5660884798976        21.8411097489320     
         291   58.9755108905467        17.4451920920689     
         292   40.3820248374547        43.9819306615423     
         293   34.3975806861420        45.4483290334926     
         294   19.9275554021425        39.9656497502741     
         295   41.9472608158728        35.2508061424689     
         296   29.5191384558179        41.8239914805135     
         297   25.1811883517205        57.5335854136145     
         298   28.2813043260182        49.4474291652034     
         299   30.8992232956660        54.9606186695696     
         300   59.0185024341229        32.6801925605493     
         301   66.2310933906338        16.4694395351853     
         302   64.7524091708942        21.7780316466988     
         303   67.6465347154672        24.9347205417061     
         304   90.5350861426494        47.0719795913983     
         305   80.9807558936527        42.1582487714570     
         306   86.2422184703739        44.3785409733462     
         307   82.2699880588569        47.0211649009546     
         308   86.4927284937636        49.5037647669213     
         309   81.7103877175298        52.1418082794700     
         310   75.3962675136876        47.3496502947884     
         311   20.0781834056347        56.0658950430823     
         312   11.1134225167275        57.9640204215774     
         313   9.50018867782814        65.8732791111496     
         314   14.1787079668897        60.2850765620810     
         315   35.5807701482129        56.7881561960069     
         316   42.5277129613804        74.5707982537899     
         317   43.6647555620682        88.1639565503956     
         318   50.2009684840483        9.66648425230703     
         319   43.1693855724494        48.7751102729645     
         320   22.0097599222256        33.5083132515036     
         321   24.8566852386860        38.9660822969080     
         322   29.0987302141153        35.1271961287215     
         323   28.8053838098784        64.0121992187494     
         324   34.3233255842987        51.3514997716305     
         325   56.0539144203027        27.3936369154831     
         326   63.2580776557655        27.2882517324570     
         327   76.0076189727219        55.4861986184167     
         328   10.3082443609096        61.8620732943912     
         329   46.7140467887562        79.4852807184295     
         330   47.3720612205168        84.6375757553430     
         331   38.4060203773424        88.4189961749086     
         332   39.9012264591042        82.1595478471250     
         333   55.4856517953975        12.0356726923397     
         334   39.6387535624878        53.0172528333532     
         335   31.3777169679727        59.3214933486948     
         336   38.2927789005257        48.5077800998111     
         337   59.3840463608202        23.1280320307296     
         338   34.4466179135559        86.2832965724405     
         339   34.0450180388481        81.3907934824898     
         340   44.3661974846127        83.5811959137378     
