           1           1           2 right     
           2           2           2 right     
           3           3           2 right     
           4           4           2 right     
           5           5           2 right     
           6           6           2 right     
           7           7           2 right     
           8           8           2 right     
           9           9           2 right     
          10          10           2 right     
          11          11           2 right     
          12          12           2 right     
          13          13           2 right     
          14          14           2 right     
          15          15           2 right     
          16          16           2 right     
          17          17           2 right     
          18          18           2 right     
          19          19           2 right     
          20          20           2 right     
          21          21           2 right     
          22          22           2 right     
          23          23           2 right     
          24          24           2 right     
          25          25           2 right     
          26          26           2 right     
          27          27           2 right     
          28          28           2 right     
          29          29           2 right     
          30          30           2 right     
          31          31           2 right     
          32          32           2 right     
          33          33           2 right     
          34          34           2 right     
          35          35           2 right     
          36          36           2 right     
          37          37           2 right     
          38          38           2 right     
          39          39           2 right     
          40          40           2 right     
          41          41           2 right     
          42          42           2 right     
          43          43           2 right     
          44          44           2 right     
          45          45           2 right     
          46          46           2 right     
          47          47           2 right     
          48          48           2 right     
          49          49           2 right     
          50          50           2 right     
          51          51           2 right     
          52          52           2 right     
          53          53           2 right     
          54          54           2 right     
          55          55           2 right     
          56          56           2 right     
          57          57           2 right     
          58          58           2 right     
          59          59           2 right     
          60          60           2 right     
          61          61           2 right     
          62          62           2 right     
          63          63           2 right     
          64          64           2 right     
          65          65           2 right     
          66          66           2 right     
          67          67           2 right     
          68          68           2 right     
          69          69           2 right     
          70          70           2 right     
          71          71           2 right     
          72          72           2 right     
          73          73           2 right     
          74          74           2 right     
          75          75           2 right     
          76          76           2 right     
          77          77           2 right     
          78          78           2 right     
          79          79           2 right     
          80          80           2 right     
          81          81           2 right     
          82          82           2 right     
          83          83           2 right     
          84          84           2 right     
          85          85           2 right     
          86          86           2 right     
          87          87           2 right     
          88          88           2 right     
          89          89           2 right     
          90          90           2 right     
          91          91           2 right     
          92          92           2 right     
          93          93           2 right     
          94          94           2 right     
          95          95           2 right     
          96          96           2 right     
          97          97           2 right     
          98          98           2 right     
          99          99           2 right     
         100         100           2 right     
         101         101           2 top       
         102         102           2 top       
         103         103           2 top       
         104         104           2 top       
         105         105           2 top       
         106         106           2 top       
         107         107           2 top       
         108         108           2 top       
         109         109           2 top       
         110         110           2 top       
         111         111           2 top       
         112         112           2 top       
         113         113           2 top       
         114         114           2 top       
         115         115           2 top       
         116         116           2 top       
         117         117           2 top       
         118         118           2 top       
         119         119           2 top       
         120         120           2 top       
         121         121           2 top       
         122         122           2 top       
         123         123           2 top       
         124         124           2 top       
         125         125           2 top       
         126         126           2 top       
         127         127           2 top       
         128         128           2 top       
         129         129           2 top       
         130         130           2 top       
         131         131           2 top       
         132         132           2 top       
         133         133           2 top       
         134         134           2 top       
         135         135           2 top       
         136         136           2 top       
         137         137           2 top       
         138         138           2 top       
         139         139           2 top       
         140         140           2 top       
         141         141           2 top       
         142         142           2 top       
         143         143           2 top       
         144         144           2 top       
         145         145           2 top       
         146         146           2 top       
         147         147           2 top       
         148         148           2 top       
         149         149           2 top       
         150         150           2 top       
         151         151           2 top       
         152         152           2 top       
         153         153           2 top       
         154         154           2 top       
         155         155           2 top       
         156         156           2 top       
         157         157           2 top       
         158         158           2 top       
         159         159           2 top       
         160         160           2 top       
         161         161           2 top       
         162         162           2 top       
         163         163           2 top       
         164         164           2 top       
         165         165           2 top       
         166         166           2 top       
         167         167           2 top       
         168         168           2 top       
         169         169           2 top       
         170         170           2 top       
         171         171           2 top       
         172         172           2 top       
         173         173           2 top       
         174         174           2 top       
         175         175           2 top       
         176         176           2 top       
         177         177           2 top       
         178         178           2 top       
         179         179           2 top       
         180         180           2 top       
         181         181           2 top       
         182         182           2 top       
         183         183           2 top       
         184         184           2 top       
         185         185           2 top       
         186         186           2 top       
         187         187           2 top       
         188         188           2 top       
         189         189           2 top       
         190         190           2 top       
         191         191           2 top       
         192         192           2 top       
         193         193           2 top       
         194         194           2 top       
         195         195           2 top       
         196         196           2 top       
         197         197           2 top       
         198         198           2 top       
         199         199           2 top       
         200         200           2 top       
         201         201           2 left      
         202         202           2 left      
         203         203           2 left      
         204         204           2 left      
         205         205           2 left      
         206         206           2 left      
         207         207           2 left      
         208         208           2 left      
         209         209           2 left      
         210         210           2 left      
         211         211           2 left      
         212         212           2 left      
         213         213           2 left      
         214         214           2 left      
         215         215           2 left      
         216         216           2 left      
         217         217           2 left      
         218         218           2 left      
         219         219           2 left      
         220         220           2 left      
         221         221           2 left      
         222         222           2 left      
         223         223           2 left      
         224         224           2 left      
         225         225           2 left      
         226         226           2 left      
         227         227           2 left      
         228         228           2 left      
         229         229           2 left      
         230         230           2 left      
         231         231           2 left      
         232         232           2 left      
         233         233           2 left      
         234         234           2 left      
         235         235           2 left      
         236         236           2 left      
         237         237           2 left      
         238         238           2 left      
         239         239           2 left      
         240         240           2 left      
         241         241           2 left      
         242         242           2 left      
         243         243           2 left      
         244         244           2 left      
         245         245           2 left      
         246         246           2 left      
         247         247           2 left      
         248         248           2 left      
         249         249           2 left      
         250         250           2 left      
         251         251           2 left      
         252         252           2 left      
         253         253           2 left      
         254         254           2 left      
         255         255           2 left      
         256         256           2 left      
         257         257           2 left      
         258         258           2 left      
         259         259           2 left      
         260         260           2 left      
         261         261           2 left      
         262         262           2 left      
         263         263           2 left      
         264         264           2 left      
         265         265           2 left      
         266         266           2 left      
         267         267           2 left      
         268         268           2 left      
         269         269           2 left      
         270         270           2 left      
         271         271           2 left      
         272         272           2 left      
         273         273           2 left      
         274         274           2 left      
         275         275           2 left      
         276         276           2 left      
         277         277           2 left      
         278         278           2 left      
         279         279           2 left      
         280         280           2 left      
         281         281           2 left      
         282         282           2 left      
         283         283           2 left      
         284         284           2 left      
         285         285           2 left      
         286         286           2 left      
         287         287           2 left      
         288         288           2 left      
         289         289           2 left      
         290         290           2 left      
         291         291           2 left      
         292         292           2 left      
         293         293           2 left      
         294         294           2 left      
         295         295           2 left      
         296         296           2 left      
         297         297           2 left      
         298         298           2 left      
         299         299           2 left      
         300         300           2 left      
         301         301           2 bottom    
         302         302           2 bottom    
         303         303           2 bottom    
         304         304           2 bottom    
         305         305           2 bottom    
         306         306           2 bottom    
         307         307           2 bottom    
         308         308           2 bottom    
         309         309           2 bottom    
         310         310           2 bottom    
         311         311           2 bottom    
         312         312           2 bottom    
         313         313           2 bottom    
         314         314           2 bottom    
         315         315           2 bottom    
         316         316           2 bottom    
         317         317           2 bottom    
         318         318           2 bottom    
         319         319           2 bottom    
         320         320           2 bottom    
         321         321           2 bottom    
         322         322           2 bottom    
         323         323           2 bottom    
         324         324           2 bottom    
         325         325           2 bottom    
         326         326           2 bottom    
         327         327           2 bottom    
         328         328           2 bottom    
         329         329           2 bottom    
         330         330           2 bottom    
         331         331           2 bottom    
         332         332           2 bottom    
         333         333           2 bottom    
         334         334           2 bottom    
         335         335           2 bottom    
         336         336           2 bottom    
         337         337           2 bottom    
         338         338           2 bottom    
         339         339           2 bottom    
         340         340           2 bottom    
         341         341           2 bottom    
         342         342           2 bottom    
         343         343           2 bottom    
         344         344           2 bottom    
         345         345           2 bottom    
         346         346           2 bottom    
         347         347           2 bottom    
         348         348           2 bottom    
         349         349           2 bottom    
         350         350           2 bottom    
         351         351           2 bottom    
         352         352           2 bottom    
         353         353           2 bottom    
         354         354           2 bottom    
         355         355           2 bottom    
         356         356           2 bottom    
         357         357           2 bottom    
         358         358           2 bottom    
         359         359           2 bottom    
         360         360           2 bottom    
         361         361           2 bottom    
         362         362           2 bottom    
         363         363           2 bottom    
         364         364           2 bottom    
         365         365           2 bottom    
         366         366           2 bottom    
         367         367           2 bottom    
         368         368           2 bottom    
         369         369           2 bottom    
         370         370           2 bottom    
         371         371           2 bottom    
         372         372           2 bottom    
         373         373           2 bottom    
         374         374           2 bottom    
         375         375           2 bottom    
         376         376           2 bottom    
         377         377           2 bottom    
         378         378           2 bottom    
         379         379           2 bottom    
         380         380           2 bottom    
         381         381           2 bottom    
         382         382           2 bottom    
         383         383           2 bottom    
         384         384           2 bottom    
         385         385           2 bottom    
         386         386           2 bottom    
         387         387           2 bottom    
         388         388           2 bottom    
         389         389           2 bottom    
         390         390           2 bottom    
         391         391           2 bottom    
         392         392           2 bottom    
         393         393           2 bottom    
         394         394           2 bottom    
         395         395           2 bottom    
         396         396           2 bottom    
         397         397           2 bottom    
         398         398           2 bottom    
         399         399           2 bottom    
         400         400           2 bottom    
